#
# A fatal error has been detected by the Java Runtime Environment:
#
#  EXCEPTION_ACCESS_VIOLATION (0xc0000005) at pc=0x00007ff8c985e0a9, pid=10504, tid=12972
#
# JRE version: OpenJDK Runtime Environment Microsoft-8035246 (17.0.8+7) (build 17.0.8+7-LTS)
# Java VM: OpenJDK 64-Bit Server VM Microsoft-8035246 (17.0.8+7-LTS, mixed mode, sharing, tiered, compressed oops, compressed class ptrs, g1 gc, windows-amd64)
# Problematic frame:
# V  [jvm.dll+0x2be0a9]
#
# No core dump will be written. Minidumps are not enabled by default on client versions of Windows
#
# If you would like to submit a bug report, please visit:
#   https://github.com/microsoft/openjdk/issues
#

---------------  S U M M A R Y ------------

Command Line: -XX:MaxMetaspaceSize=512m --add-opens=java.base/java.util=ALL-UNNAMED --add-opens=java.base/java.lang=ALL-UNNAMED --add-opens=java.base/java.lang.invoke=ALL-UNNAMED --add-opens=java.base/java.util=ALL-UNNAMED --add-opens=java.prefs/java.util.prefs=ALL-UNNAMED --add-opens=java.prefs/java.util.prefs=ALL-UNNAMED --add-opens=java.base/java.nio.charset=ALL-UNNAMED --add-opens=java.base/java.net=ALL-UNNAMED --add-opens=java.base/java.util.concurrent.atomic=ALL-UNNAMED -Xmx2048m -Dfile.encoding=windows-1252 -Duser.country=ZA -Duser.language=en -Duser.variant org.gradle.launcher.daemon.bootstrap.GradleDaemon 7.3.3

Host: Intel(R) Xeon(R) Platinum 8272CL CPU @ 2.60GHz, 4 cores, 15G,  Windows 11 , 64 bit Build 22000 (10.0.22000.2538)
Time: Tue Oct  8 16:09:10 2024 South Africa Standard Time elapsed time: 61.451993 seconds (0d 0h 1m 1s)

---------------  T H R E A D  ---------------

Current thread (0x0000015dfc523a20):  JavaThread "C2 CompilerThread0" daemon [_thread_in_native, id=12972, stack(0x0000000ddfd00000,0x0000000ddfe00000)]


Current CompileTask:
C2:  61452 12733       4       org.gradle.cache.internal.CacheAccessWorker$1::call (10 bytes)

Stack: [0x0000000ddfd00000,0x0000000ddfe00000],  sp=0x0000000ddfdfb780,  free space=1005k
Native frames: (J=compiled Java code, j=interpreted, Vv=VM code, C=native code)
V  [jvm.dll+0x2be0a9]
V  [jvm.dll+0x21ba8b]
V  [jvm.dll+0x21944b]
V  [jvm.dll+0x1a56b6]
V  [jvm.dll+0x2291ea]
V  [jvm.dll+0x22724c]
V  [jvm.dll+0x7efd0c]
V  [jvm.dll+0x7ea13a]
V  [jvm.dll+0x67ad85]
C  [ucrtbase.dll+0x26c0c]
C  [KERNEL32.DLL+0x153e0]
C  [ntdll.dll+0x485b]


siginfo: EXCEPTION_ACCESS_VIOLATION (0xc0000005), reading address 0x0000000000000028


Register to memory mapping:

RIP=0x00007ff8c985e0a9 jvm.dll
RAX=0x0000015da2573430 points into unknown readable memory: 0x0000000000000000 | 00 00 00 00 00 00 00 00
RBX=0x000000000000194a is an unknown value
RCX=0x0 is NULL
RDX=0x0 is NULL
RSP=0x0000000ddfdfb780 is pointing into the stack for thread: 0x0000015dfc523a20
RBP=0x0000000ddfdfb7f0 is pointing into the stack for thread: 0x0000015dfc523a20
RSI=0x0 is NULL
RDI=0x000000000000004e is an unknown value
R8 =0x000000000000ffe0 is an unknown value
R9 =0x0 is NULL
R10=0x00007ff922050000 VCRUNTIME140.dll
R11=0x0000015da2573450 points into unknown readable memory: 0x0000000000000000 | 00 00 00 00 00 00 00 00
R12=0x0000000000000050 is an unknown value
R13=0x0 is NULL
R14=0x0 is NULL
R15=0x0000000ddfdfe9a0 is pointing into the stack for thread: 0x0000015dfc523a20


Registers:
RAX=0x0000015da2573430, RBX=0x000000000000194a, RCX=0x0000000000000000, RDX=0x0000000000000000
RSP=0x0000000ddfdfb780, RBP=0x0000000ddfdfb7f0, RSI=0x0000000000000000, RDI=0x000000000000004e
R8 =0x000000000000ffe0, R9 =0x0000000000000000, R10=0x00007ff922050000, R11=0x0000015da2573450
R12=0x0000000000000050, R13=0x0000000000000000, R14=0x0000000000000000, R15=0x0000000ddfdfe9a0
RIP=0x00007ff8c985e0a9, EFLAGS=0x0000000000010202

Top of Stack: (sp=0x0000000ddfdfb780)
0x0000000ddfdfb780:   000000000000194a 0000000000000000
0x0000000ddfdfb790:   0000000ddfdfe9a0 00007ff8c97c38d1
0x0000000ddfdfb7a0:   0000015dfc51dc20 00007ff800002000
0x0000000ddfdfb7b0:   0000015da2573430 0000000000000000
0x0000000ddfdfb7c0:   0000000000000002 0000015da268a860
0x0000000ddfdfb7d0:   0000000000000002 0000015dfc51dc20
0x0000000ddfdfb7e0:   0000000000000000 0000000000000000
0x0000000ddfdfb7f0:   0000015dfc501fd0 0000015dde9266a0
0x0000000ddfdfb800:   000000000000004e 00007ff8c9ee4c08
0x0000000ddfdfb810:   0000000ddfdfb920 00007ff8c97bba8b
0x0000000ddfdfb820:   0000000ddfdfe9a0 00007ff8c9ee4c08
0x0000000ddfdfb830:   0000000ddfdfe9a0 0000000ddfdfb920
0x0000000ddfdfb840:   0000000d00000000 0000000ddfdff500
0x0000000ddfdfb850:   0000000d0000000f 0000000ddfdfe9a0
0x0000000ddfdfb860:   0000000ddfdfb9d0 00007ff800000000
0x0000000ddfdfb870:   0000015d00000100 00007ff8c9ee4c08 

Instructions: (pc=0x00007ff8c985e0a9)
0x00007ff8c985dfa9:   3b d0 75 0b ff c1 41 3b c9 7c dc 48 8b c2 c3 33
0x00007ff8c985dfb9:   c0 c3 cc cc cc cc cc 48 89 5c 24 18 55 56 57 41
0x00007ff8c985dfc9:   55 41 57 48 8b ec 48 83 ec 70 65 48 8b 04 25 58
0x00007ff8c985dfd9:   00 00 00 48 8b f2 44 8b 05 d2 8b 90 00 4c 8b f9
0x00007ff8c985dfe9:   4a 8b 1c c0 b8 50 00 00 00 80 3c 18 00 75 05 e8
0x00007ff8c985dff9:   8b 6f 5d 00 b8 20 00 00 00 48 8b 04 18 48 8b 98
0x00007ff8c985e009:   38 02 00 00 48 89 5d b0 c7 45 b8 04 00 00 00 48
0x00007ff8c985e019:   8b 43 18 48 83 f8 df 76 18 4c 8d 05 37 a9 65 00
0x00007ff8c985e029:   ba 20 00 00 00 48 8b cb e8 5a eb de ff 48 8b 43
0x00007ff8c985e039:   18 48 8d 48 20 48 3b 4b 20 76 11 45 33 c0 48 8b
0x00007ff8c985e049:   cb 41 8d 50 20 e8 fd e8 de ff eb 04 48 89 4b 18
0x00007ff8c985e059:   44 8b 45 b8 33 d2 49 c1 e0 03 48 8b c8 48 89 45
0x00007ff8c985e069:   c0 e8 e3 80 5d 00 45 33 ed 48 8d 4d d0 44 89 6d
0x00007ff8c985e079:   c8 e8 01 59 56 00 41 8b 9f 40 02 00 00 41 2b 9f
0x00007ff8c985e089:   68 02 00 00 44 89 6d f0 3b 5d b8 72 0b 8b d3 48
0x00007ff8c985e099:   8d 4d b0 e8 6f b3 39 00 48 8b 45 c0 4c 89 2c d8
0x00007ff8c985e0a9:   8b 7e 28 8b df c1 eb 05 3b 5d d0 72 0b 8b d3 48
0x00007ff8c985e0b9:   8d 4d d0 e8 1f 59 56 00 48 8b 45 d8 83 e7 1f 48
0x00007ff8c985e0c9:   8d 14 98 40 0f b6 cf 41 b8 01 00 00 00 41 d3 e0
0x00007ff8c985e0d9:   8b 0a 8b c1 41 0b c0 89 02 41 85 c8 75 21 8b 5d
0x00007ff8c985e0e9:   c8 8d 43 01 89 45 c8 3b 5d b8 72 0b 8b d3 48 8d
0x00007ff8c985e0f9:   4d b0 e8 10 b3 39 00 48 8b 45 c0 48 89 34 d8 44
0x00007ff8c985e109:   39 6d c8 0f 86 77 01 00 00 4c 89 a4 24 a0 00 00
0x00007ff8c985e119:   00 4c 89 b4 24 a8 00 00 00 48 8b 45 c0 41 8b cd
0x00007ff8c985e129:   48 8b 34 c8 8b 46 2c 25 ff 1f 00 00 3d 04 10 00
0x00007ff8c985e139:   00 0f 85 a7 00 00 00 bb 01 00 00 00 39 5e 18 76
0x00007ff8c985e149:   39 66 0f 1f 44 00 00 48 8b 46 08 8b cb 48 8b 14
0x00007ff8c985e159:   c8 48 85 d2 74 1d 48 83 7a 10 00 74 16 80 7a 2c
0x00007ff8c985e169:   84 74 10 e8 7f 7e ee ff 48 8b d0 49 8b cf e8 a4
0x00007ff8c985e179:   61 f6 ff ff c3 3b 5e 18 72 cd 48 8b 5e 10 8b 46
0x00007ff8c985e189:   20 4c 8d 34 c3 49 3b de 73 54 48 8b 3b 8b 47 2c
0x00007ff8c985e199:   83 e0 03 3c 03 75 2e 48 8b 07 48 8b cf ff 90 88 


Stack slot to memory mapping:
stack at sp + 0 slots: 0x000000000000194a is an unknown value
stack at sp + 1 slots: 0x0 is NULL
stack at sp + 2 slots: 0x0000000ddfdfe9a0 is pointing into the stack for thread: 0x0000015dfc523a20
stack at sp + 3 slots: 0x00007ff8c97c38d1 jvm.dll
stack at sp + 4 slots: 0x0000015dfc51dc20 points into unknown readable memory: 0x0000015d00000006 | 06 00 00 00 5d 01 00 00
stack at sp + 5 slots: 0x00007ff800002000 is an unknown value
stack at sp + 6 slots: 0x0000015da2573430 points into unknown readable memory: 0x0000000000000000 | 00 00 00 00 00 00 00 00
stack at sp + 7 slots: 0x0 is NULL


---------------  P R O C E S S  ---------------

Threads class SMR info:
_java_thread_list=0x0000015da097f170, length=90, elements={
0x0000015dde90f5f0, 0x0000015dfc502ab0, 0x0000015dfc503670, 0x0000015dfc51ef30,
0x0000015dfc51f8f0, 0x0000015dfc5202b0, 0x0000015dfc522c80, 0x0000015dfc523a20,
0x0000015dfc5244d0, 0x0000015dfc692ba0, 0x0000015dfc75c650, 0x0000015dfc762d70,
0x0000015dfdffa1c0, 0x0000015dfc9b1230, 0x0000015dfc9ae440, 0x0000015dfc9e8ce0,
0x0000015dfdb08bc0, 0x0000015dfc9da3d0, 0x0000015dfc9d8a80, 0x0000015dfc9d9ec0,
0x0000015dfc9d8060, 0x0000015dfc9db810, 0x0000015dfc9d8570, 0x0000015dfc9da8e0,
0x0000015dfc9dadf0, 0x0000015dfc9db300, 0x0000015dfc9d8f90, 0x0000015dfc9d94a0,
0x0000015dfe5bcc50, 0x0000015dfe5bbd20, 0x0000015dfe5b8f90, 0x0000015dfe5b94a0,
0x0000015dfe5b8a80, 0x0000015dfe5beab0, 0x0000015dfe5bb810, 0x0000015dfe5befc0,
0x0000015dfe5bc230, 0x0000015dfe5ba8e0, 0x0000015dfe5bd160, 0x0000015dfe5badf0,
0x0000015dfe5bb300, 0x0000015dfe5bc740, 0x0000015dfe5bf4d0, 0x0000015dfe5bf9e0,
0x0000015dfe5bdb80, 0x0000015dfe5b99b0, 0x0000015dfe5b9ec0, 0x0000015dfe5b8570,
0x0000015dfe5be090, 0x0000015dfe5be5a0, 0x0000015da008eec0, 0x0000015da008c130,
0x0000015da008da80, 0x0000015da0089dc0, 0x0000015da0088470, 0x0000015da008acf0,
0x0000015da008b200, 0x0000015da008c640, 0x0000015da0088e90, 0x0000015da008cb50,
0x0000015da008df90, 0x0000015da008f3d0, 0x0000015da008d060, 0x0000015da008d570,
0x0000015da0087f60, 0x0000015da008b710, 0x0000015da00893a0, 0x0000015da008e4a0,
0x0000015da008a2d0, 0x0000015da008e9b0, 0x0000015da00898b0, 0x0000015da008f8e0,
0x0000015da0088980, 0x0000015da008a7e0, 0x0000015da008bc20, 0x0000015dff07af90,
0x0000015dff07d300, 0x0000015dff07b4a0, 0x0000015dff079640, 0x0000015dff07cdf0,
0x0000015dff07b9b0, 0x0000015dff07e740, 0x0000015dff079130, 0x0000015dff07e230,
0x0000015dff07c3d0, 0x0000015dff07dd20, 0x0000015dff07ec50, 0x0000015dff078c20,
0x0000015dff0777e0, 0x0000015da1595600
}

Java Threads: ( => current thread )
  0x0000015dde90f5f0 JavaThread "main" [_thread_blocked, id=1248, stack(0x0000000ddf000000,0x0000000ddf100000)]
  0x0000015dfc502ab0 JavaThread "Reference Handler" daemon [_thread_blocked, id=3544, stack(0x0000000ddf700000,0x0000000ddf800000)]
  0x0000015dfc503670 JavaThread "Finalizer" daemon [_thread_blocked, id=10684, stack(0x0000000ddf800000,0x0000000ddf900000)]
  0x0000015dfc51ef30 JavaThread "Signal Dispatcher" daemon [_thread_blocked, id=1720, stack(0x0000000ddf900000,0x0000000ddfa00000)]
  0x0000015dfc51f8f0 JavaThread "Attach Listener" daemon [_thread_blocked, id=13288, stack(0x0000000ddfa00000,0x0000000ddfb00000)]
  0x0000015dfc5202b0 JavaThread "Service Thread" daemon [_thread_blocked, id=856, stack(0x0000000ddfb00000,0x0000000ddfc00000)]
  0x0000015dfc522c80 JavaThread "Monitor Deflation Thread" daemon [_thread_blocked, id=12492, stack(0x0000000ddfc00000,0x0000000ddfd00000)]
=>0x0000015dfc523a20 JavaThread "C2 CompilerThread0" daemon [_thread_in_native, id=12972, stack(0x0000000ddfd00000,0x0000000ddfe00000)]
  0x0000015dfc5244d0 JavaThread "C1 CompilerThread0" daemon [_thread_blocked, id=12780, stack(0x0000000ddfe00000,0x0000000ddff00000)]
  0x0000015dfc692ba0 JavaThread "Sweeper thread" daemon [_thread_blocked, id=8248, stack(0x0000000ddff00000,0x0000000de0000000)]
  0x0000015dfc75c650 JavaThread "Common-Cleaner" daemon [_thread_blocked, id=1776, stack(0x0000000de0000000,0x0000000de0100000)]
  0x0000015dfc762d70 JavaThread "Notification Thread" daemon [_thread_blocked, id=4672, stack(0x0000000de0100000,0x0000000de0200000)]
  0x0000015dfdffa1c0 JavaThread "Daemon health stats" [_thread_blocked, id=5720, stack(0x0000000de0300000,0x0000000de0400000)]
  0x0000015dfc9b1230 JavaThread "Incoming local TCP Connector on port 59029" [_thread_in_native, id=8084, stack(0x0000000de0700000,0x0000000de0800000)]
  0x0000015dfc9ae440 JavaThread "Daemon periodic checks" [_thread_blocked, id=3696, stack(0x0000000de0800000,0x0000000de0900000)]
  0x0000015dfc9e8ce0 JavaThread "Daemon" [_thread_blocked, id=1324, stack(0x0000000de0900000,0x0000000de0a00000)]
  0x0000015dfdb08bc0 JavaThread "Handler for socket connection from /127.0.0.1:59029 to /127.0.0.1:59030" [_thread_in_native, id=12876, stack(0x0000000de0a00000,0x0000000de0b00000)]
  0x0000015dfc9da3d0 JavaThread "Cancel handler" [_thread_blocked, id=13220, stack(0x0000000de0b00000,0x0000000de0c00000)]
  0x0000015dfc9d8a80 JavaThread "Daemon worker" [_thread_blocked, id=3524, stack(0x0000000de0c00000,0x0000000de0d00000)]
  0x0000015dfc9d9ec0 JavaThread "Asynchronous log dispatcher for DefaultDaemonConnection: socket connection from /127.0.0.1:59029 to /127.0.0.1:59030" [_thread_blocked, id=11912, stack(0x0000000de0d00000,0x0000000de0e00000)]
  0x0000015dfc9d8060 JavaThread "Stdin handler" [_thread_blocked, id=9132, stack(0x0000000de0e00000,0x0000000de0f00000)]
  0x0000015dfc9db810 JavaThread "Daemon client event forwarder" [_thread_blocked, id=13020, stack(0x0000000de0f00000,0x0000000de1000000)]
  0x0000015dfc9d8570 JavaThread "Cache worker for journal cache (C:\Users\lab_services_student\.gradle\caches\journal-1)" [_thread_blocked, id=12316, stack(0x0000000de1000000,0x0000000de1100000)]
  0x0000015dfc9da8e0 JavaThread "File lock request listener" [_thread_in_native, id=12752, stack(0x0000000de1100000,0x0000000de1200000)]
  0x0000015dfc9dadf0 JavaThread "Cache worker for file hash cache (C:\Users\lab_services_student\.gradle\caches\7.3.3\fileHashes)" [_thread_blocked, id=10132, stack(0x0000000de1200000,0x0000000de1300000)]
  0x0000015dfc9db300 JavaThread "Cache worker for file hash cache (C:\Users\lab_services_student\Documents\MAST POE\assignment\android\.gradle\7.3.3\fileHashes)" [_thread_blocked, id=2016, stack(0x0000000de1300000,0x0000000de1400000)]
  0x0000015dfc9d8f90 JavaThread "File watcher server" daemon [_thread_in_native, id=8028, stack(0x0000000de1400000,0x0000000de1500000)]
  0x0000015dfc9d94a0 JavaThread "File watcher consumer" daemon [_thread_blocked, id=6232, stack(0x0000000de1500000,0x0000000de1600000)]
  0x0000015dfe5bcc50 JavaThread "Cache worker for checksums cache (C:\Users\lab_services_student\Documents\MAST POE\assignment\android\.gradle\7.3.3\checksums)" [_thread_blocked, id=8636, stack(0x0000000de1600000,0x0000000de1700000)]
  0x0000015dfe5bbd20 JavaThread "Cache worker for cache directory md-supplier (C:\Users\lab_services_student\.gradle\caches\7.3.3\md-supplier)" [_thread_blocked, id=11720, stack(0x0000000de1700000,0x0000000de1800000)]
  0x0000015dfe5b8f90 JavaThread "Cache worker for cache directory md-rule (C:\Users\lab_services_student\.gradle\caches\7.3.3\md-rule)" [_thread_blocked, id=9164, stack(0x0000000de1900000,0x0000000de1a00000)]
  0x0000015dfe5b94a0 JavaThread "Cache worker for execution history cache (C:\Users\lab_services_student\.gradle\caches\7.3.3\executionHistory)" [_thread_blocked, id=13260, stack(0x0000000de1a00000,0x0000000de1b00000)]
  0x0000015dfe5b8a80 JavaThread "jar transforms" [_thread_blocked, id=8516, stack(0x0000000de1b00000,0x0000000de1c00000)]
  0x0000015dfe5beab0 JavaThread "jar transforms Thread 2" [_thread_blocked, id=8952, stack(0x0000000de1c00000,0x0000000de1d00000)]
  0x0000015dfe5bb810 JavaThread "Cache worker for file content cache (C:\Users\lab_services_student\.gradle\caches\7.3.3\fileContent)" [_thread_blocked, id=12988, stack(0x0000000de1d00000,0x0000000de1e00000)]
  0x0000015dfe5befc0 JavaThread "jar transforms Thread 3" [_thread_blocked, id=12048, stack(0x0000000de1800000,0x0000000de1900000)]
  0x0000015dfe5bc230 JavaThread "jar transforms Thread 4" [_thread_blocked, id=12696, stack(0x0000000de1e00000,0x0000000de1f00000)]
  0x0000015dfe5ba8e0 JavaThread "Cache worker for kotlin-dsl (C:\Users\lab_services_student\.gradle\caches\7.3.3\kotlin-dsl)" [_thread_blocked, id=1960, stack(0x0000000de2000000,0x0000000de2100000)]
  0x0000015dfe5bd160 JavaThread "Cache worker for dependencies-accessors (C:\Users\lab_services_student\Documents\MAST POE\assignment\android\.gradle\7.3.3\dependencies-accessors)" [_thread_blocked, id=2340, stack(0x0000000de2100000,0x0000000de2200000)]
  0x0000015dfe5badf0 JavaThread "Cache worker for Build Output Cleanup Cache (C:\Users\lab_services_student\Documents\MAST POE\assignment\node_modules\react-native-gradle-plugin\.gradle\buildOutputCleanup)" [_thread_blocked, id=8864, stack(0x0000000de2200000,0x0000000de2300000)]
  0x0000015dfe5bb300 JavaThread "Unconstrained build operations" [_thread_blocked, id=6188, stack(0x0000000de1f00000,0x0000000de2000000)]
  0x0000015dfe5bc740 JavaThread "Unconstrained build operations Thread 2" [_thread_blocked, id=12476, stack(0x0000000de2300000,0x0000000de2400000)]
  0x0000015dfe5bf4d0 JavaThread "Unconstrained build operations Thread 3" [_thread_blocked, id=6168, stack(0x0000000de2400000,0x0000000de2500000)]
  0x0000015dfe5bf9e0 JavaThread "Unconstrained build operations Thread 4" [_thread_blocked, id=12340, stack(0x0000000de2500000,0x0000000de2600000)]
  0x0000015dfe5bdb80 JavaThread "Unconstrained build operations Thread 5" [_thread_blocked, id=9700, stack(0x0000000de2600000,0x0000000de2700000)]
  0x0000015dfe5b99b0 JavaThread "Unconstrained build operations Thread 6" [_thread_blocked, id=8420, stack(0x0000000de2700000,0x0000000de2800000)]
  0x0000015dfe5b9ec0 JavaThread "Unconstrained build operations Thread 7" [_thread_blocked, id=12284, stack(0x0000000de2800000,0x0000000de2900000)]
  0x0000015dfe5b8570 JavaThread "Unconstrained build operations Thread 8" [_thread_blocked, id=11464, stack(0x0000000de2900000,0x0000000de2a00000)]
  0x0000015dfe5be090 JavaThread "Unconstrained build operations Thread 9" [_thread_blocked, id=4588, stack(0x0000000de2a00000,0x0000000de2b00000)]
  0x0000015dfe5be5a0 JavaThread "Unconstrained build operations Thread 10" [_thread_blocked, id=1736, stack(0x0000000de2b00000,0x0000000de2c00000)]
  0x0000015da008eec0 JavaThread "Unconstrained build operations Thread 11" [_thread_blocked, id=3012, stack(0x0000000de2c00000,0x0000000de2d00000)]
  0x0000015da008c130 JavaThread "Unconstrained build operations Thread 12" [_thread_blocked, id=9756, stack(0x0000000de2d00000,0x0000000de2e00000)]
  0x0000015da008da80 JavaThread "Unconstrained build operations Thread 13" [_thread_blocked, id=8356, stack(0x0000000de2e00000,0x0000000de2f00000)]
  0x0000015da0089dc0 JavaThread "Unconstrained build operations Thread 14" [_thread_blocked, id=9072, stack(0x0000000de2f00000,0x0000000de3000000)]
  0x0000015da0088470 JavaThread "Unconstrained build operations Thread 15" [_thread_blocked, id=9560, stack(0x0000000de3000000,0x0000000de3100000)]
  0x0000015da008acf0 JavaThread "Unconstrained build operations Thread 16" [_thread_blocked, id=13204, stack(0x0000000de3100000,0x0000000de3200000)]
  0x0000015da008b200 JavaThread "Unconstrained build operations Thread 17" [_thread_blocked, id=6552, stack(0x0000000de3200000,0x0000000de3300000)]
  0x0000015da008c640 JavaThread "Unconstrained build operations Thread 18" [_thread_blocked, id=6124, stack(0x0000000de3300000,0x0000000de3400000)]
  0x0000015da0088e90 JavaThread "Unconstrained build operations Thread 19" [_thread_blocked, id=6776, stack(0x0000000de3400000,0x0000000de3500000)]
  0x0000015da008cb50 JavaThread "Unconstrained build operations Thread 20" [_thread_blocked, id=4564, stack(0x0000000de3500000,0x0000000de3600000)]
  0x0000015da008df90 JavaThread "Unconstrained build operations Thread 21" [_thread_blocked, id=6376, stack(0x0000000de3600000,0x0000000de3700000)]
  0x0000015da008f3d0 JavaThread "Unconstrained build operations Thread 22" [_thread_blocked, id=6576, stack(0x0000000de3700000,0x0000000de3800000)]
  0x0000015da008d060 JavaThread "Unconstrained build operations Thread 23" [_thread_blocked, id=12100, stack(0x0000000de3800000,0x0000000de3900000)]
  0x0000015da008d570 JavaThread "Unconstrained build operations Thread 24" [_thread_blocked, id=1436, stack(0x0000000de3900000,0x0000000de3a00000)]
  0x0000015da0087f60 JavaThread "Unconstrained build operations Thread 25" [_thread_blocked, id=7712, stack(0x0000000de3a00000,0x0000000de3b00000)]
  0x0000015da008b710 JavaThread "Unconstrained build operations Thread 26" [_thread_blocked, id=12548, stack(0x0000000de3b00000,0x0000000de3c00000)]
  0x0000015da00893a0 JavaThread "Unconstrained build operations Thread 27" [_thread_blocked, id=11996, stack(0x0000000de3c00000,0x0000000de3d00000)]
  0x0000015da008e4a0 JavaThread "Unconstrained build operations Thread 28" [_thread_blocked, id=10740, stack(0x0000000de3d00000,0x0000000de3e00000)]
  0x0000015da008a2d0 JavaThread "Unconstrained build operations Thread 29" [_thread_blocked, id=12084, stack(0x0000000de3e00000,0x0000000de3f00000)]
  0x0000015da008e9b0 JavaThread "Unconstrained build operations Thread 30" [_thread_blocked, id=5684, stack(0x0000000de3f00000,0x0000000de4000000)]
  0x0000015da00898b0 JavaThread "Unconstrained build operations Thread 31" [_thread_blocked, id=3620, stack(0x0000000de4000000,0x0000000de4100000)]
  0x0000015da008f8e0 JavaThread "Unconstrained build operations Thread 32" [_thread_blocked, id=13192, stack(0x0000000de4100000,0x0000000de4200000)]
  0x0000015da0088980 JavaThread "Unconstrained build operations Thread 33" [_thread_blocked, id=4688, stack(0x0000000de4200000,0x0000000de4300000)]
  0x0000015da008a7e0 JavaThread "build event listener" [_thread_blocked, id=3416, stack(0x0000000de4300000,0x0000000de4400000)]
  0x0000015da008bc20 JavaThread "Memory manager" [_thread_blocked, id=4852, stack(0x0000000de4500000,0x0000000de4600000)]
  0x0000015dff07af90 JavaThread "Cache worker for Build Output Cleanup Cache (C:\Users\lab_services_student\Documents\MAST POE\assignment\android\.gradle\buildOutputCleanup)" [_thread_blocked, id=12712, stack(0x0000000de4400000,0x0000000de4500000)]
  0x0000015dff07d300 JavaThread "included builds" [_thread_blocked, id=11036, stack(0x0000000de4700000,0x0000000de4800000)]
  0x0000015dff07b4a0 JavaThread "Cache worker for execution history cache (C:\Users\lab_services_student\Documents\MAST POE\assignment\node_modules\react-native-gradle-plugin\.gradle\7.3.3\executionHistory)" [_thread_blocked, id=12564, stack(0x0000000de4b00000,0x0000000de4c00000)]
  0x0000015dff079640 JavaThread "Unconstrained build operations Thread 34" [_thread_blocked, id=5408, stack(0x0000000de4c00000,0x0000000de4d00000)]
  0x0000015dff07cdf0 JavaThread "Unconstrained build operations Thread 35" [_thread_blocked, id=1836, stack(0x0000000de4d00000,0x0000000de4e00000)]
  0x0000015dff07b9b0 JavaThread "Unconstrained build operations Thread 36" [_thread_blocked, id=12432, stack(0x0000000de4e00000,0x0000000de4f00000)]
  0x0000015dff07e740 JavaThread "Unconstrained build operations Thread 37" [_thread_blocked, id=1912, stack(0x0000000de4f00000,0x0000000de5000000)]
  0x0000015dff079130 JavaThread "Unconstrained build operations Thread 38" [_thread_blocked, id=3240, stack(0x0000000de5000000,0x0000000de5100000)]
  0x0000015dff07e230 JavaThread "Unconstrained build operations Thread 39" [_thread_blocked, id=11860, stack(0x0000000de5100000,0x0000000de5200000)]
  0x0000015dff07c3d0 JavaThread "Unconstrained build operations Thread 40" [_thread_blocked, id=3016, stack(0x0000000de5200000,0x0000000de5300000)]
  0x0000015dff07dd20 JavaThread "Execution worker for ':'" [_thread_blocked, id=6812, stack(0x0000000de5300000,0x0000000de5400000)]
  0x0000015dff07ec50 JavaThread "Execution worker for ':' Thread 2" [_thread_in_native, id=8704, stack(0x0000000de5400000,0x0000000de5500000)]
  0x0000015dff078c20 JavaThread "Execution worker for ':' Thread 3" [_thread_blocked, id=536, stack(0x0000000de5500000,0x0000000de5600000)]
  0x0000015dff0777e0 JavaThread "Cache worker for execution history cache (C:\Users\lab_services_student\Documents\MAST POE\assignment\android\.gradle\7.3.3\executionHistory)" [_thread_blocked, id=11876, stack(0x0000000de5600000,0x0000000de5700000)]
  0x0000015da1595600 JavaThread "C2 CompilerThread1" daemon [_thread_in_native, id=13244, stack(0x0000000de4a00000,0x0000000de4b00000)]

Other Threads:
  0x0000015dfc4febc0 VMThread "VM Thread" [stack: 0x0000000ddf600000,0x0000000ddf700000] [id=12768]
  0x0000015dfc763250 WatcherThread [stack: 0x0000000de0200000,0x0000000de0300000] [id=1160]
  0x0000015dde96b5f0 GCTaskThread "GC Thread#0" [stack: 0x0000000ddf100000,0x0000000ddf200000] [id=6032]
  0x0000015dfd092b50 GCTaskThread "GC Thread#1" [stack: 0x0000000de0400000,0x0000000de0500000] [id=3492]
  0x0000015dfd092e10 GCTaskThread "GC Thread#2" [stack: 0x0000000de0500000,0x0000000de0600000] [id=3556]
  0x0000015dfcf4ccb0 GCTaskThread "GC Thread#3" [stack: 0x0000000de0600000,0x0000000de0700000] [id=9404]
  0x0000015dde97c540 ConcurrentGCThread "G1 Main Marker" [stack: 0x0000000ddf200000,0x0000000ddf300000] [id=11596]
  0x0000015dde97cf50 ConcurrentGCThread "G1 Conc#0" [stack: 0x0000000ddf300000,0x0000000ddf400000] [id=7352]
  0x0000015dde9cd570 ConcurrentGCThread "G1 Refine#0" [stack: 0x0000000ddf400000,0x0000000ddf500000] [id=9856]
  0x0000015dde9cdfa0 ConcurrentGCThread "G1 Service" [stack: 0x0000000ddf500000,0x0000000ddf600000] [id=1540]

Threads with active compile tasks:
C2 CompilerThread0    61510 12733       4       org.gradle.cache.internal.CacheAccessWorker$1::call (10 bytes)
C2 CompilerThread1    61511 12734       4       org.gradle.cache.internal.AsyncCacheAccessDecoratedCache$$Lambda$370/0x0000015d8140e570::create (12 bytes)

VM state: not at safepoint (normal execution)

VM Mutex/Monitor currently owned by a thread: None

Heap address: 0x0000000080000000, size: 2048 MB, Compressed Oops mode: 32-bit

CDS archive(s) mapped at: [0x0000015d80000000-0x0000015d80bd0000-0x0000015d80bd0000), size 12386304, SharedBaseAddress: 0x0000015d80000000, ArchiveRelocationMode: 1.
Compressed class space mapped at: 0x0000015d81000000-0x0000015d9b000000, reserved size: 436207616
Narrow klass base: 0x0000015d80000000, Narrow klass shift: 0, Narrow klass range: 0x100000000

GC Precious Log:
 CPUs: 4 total, 4 available
 Memory: 16382M
 Large Page Support: Disabled
 NUMA Support: Disabled
 Compressed Oops: Enabled (32-bit)
 Heap Region Size: 1M
 Heap Min Capacity: 8M
 Heap Initial Capacity: 256M
 Heap Max Capacity: 2G
 Pre-touch: Disabled
 Parallel Workers: 4
 Concurrent Workers: 1
 Concurrent Refinement Workers: 4
 Periodic GC: Disabled

Heap:
 garbage-first heap   total 183296K, used 110287K [0x0000000080000000, 0x0000000100000000)
  region size 1024K, 12 young (12288K), 1 survivors (1024K)
 Metaspace       used 89908K, committed 90688K, reserved 557056K
  class space    used 12226K, committed 12544K, reserved 425984K

Heap Regions: E=young(eden), S=young(survivor), O=old, HS=humongous(starts), HC=humongous(continues), CS=collection set, F=free, OA=open archive, CA=closed archive, TAMS=top-at-mark-start (previous, next)
|   0|0x0000000080000000, 0x0000000080100000, 0x0000000080100000|100%|HS|  |TAMS 0x0000000080100000, 0x0000000080000000| Complete 
|   1|0x0000000080100000, 0x0000000080200000, 0x0000000080200000|100%|HC|  |TAMS 0x0000000080200000, 0x0000000080100000| Complete 
|   2|0x0000000080200000, 0x0000000080300000, 0x0000000080300000|100%|HC|  |TAMS 0x0000000080300000, 0x0000000080200000| Complete 
|   3|0x0000000080300000, 0x0000000080400000, 0x0000000080400000|100%| O|  |TAMS 0x0000000080400000, 0x0000000080300000| Untracked 
|   4|0x0000000080400000, 0x0000000080500000, 0x0000000080500000|100%| O|  |TAMS 0x0000000080500000, 0x0000000080400000| Untracked 
|   5|0x0000000080500000, 0x0000000080600000, 0x0000000080600000|100%| O|  |TAMS 0x0000000080600000, 0x0000000080500000| Untracked 
|   6|0x0000000080600000, 0x0000000080700000, 0x0000000080700000|100%| O|  |TAMS 0x0000000080700000, 0x0000000080600000| Untracked 
|   7|0x0000000080700000, 0x0000000080800000, 0x0000000080800000|100%| O|  |TAMS 0x0000000080800000, 0x0000000080700000| Untracked 
|   8|0x0000000080800000, 0x0000000080900000, 0x0000000080900000|100%| O|  |TAMS 0x0000000080900000, 0x0000000080800000| Untracked 
|   9|0x0000000080900000, 0x00000000809fc000, 0x0000000080a00000| 98%| O|  |TAMS 0x00000000809fc000, 0x0000000080900000| Untracked 
|  10|0x0000000080a00000, 0x0000000080b00000, 0x0000000080b00000|100%| O|  |TAMS 0x0000000080b00000, 0x0000000080a00000| Untracked 
|  11|0x0000000080b00000, 0x0000000080c00000, 0x0000000080c00000|100%| O|  |TAMS 0x0000000080c00000, 0x0000000080b00000| Untracked 
|  12|0x0000000080c00000, 0x0000000080d00000, 0x0000000080d00000|100%| O|  |TAMS 0x0000000080d00000, 0x0000000080c00000| Untracked 
|  13|0x0000000080d00000, 0x0000000080e00000, 0x0000000080e00000|100%| O|  |TAMS 0x0000000080e00000, 0x0000000080d00000| Untracked 
|  14|0x0000000080e00000, 0x0000000080f00000, 0x0000000080f00000|100%| O|  |TAMS 0x0000000080f00000, 0x0000000080e00000| Untracked 
|  15|0x0000000080f00000, 0x0000000081000000, 0x0000000081000000|100%| O|  |TAMS 0x0000000081000000, 0x0000000080f00000| Untracked 
|  16|0x0000000081000000, 0x0000000081100000, 0x0000000081100000|100%| O|  |TAMS 0x0000000081100000, 0x0000000081000000| Untracked 
|  17|0x0000000081100000, 0x0000000081200000, 0x0000000081200000|100%|HS|  |TAMS 0x0000000081200000, 0x0000000081100000| Complete 
|  18|0x0000000081200000, 0x0000000081300000, 0x0000000081300000|100%| O|  |TAMS 0x0000000081300000, 0x0000000081200000| Untracked 
|  19|0x0000000081300000, 0x0000000081400000, 0x0000000081400000|100%| O|  |TAMS 0x0000000081400000, 0x0000000081300000| Untracked 
|  20|0x0000000081400000, 0x0000000081500000, 0x0000000081500000|100%| O|  |TAMS 0x0000000081500000, 0x0000000081400000| Untracked 
|  21|0x0000000081500000, 0x0000000081600000, 0x0000000081600000|100%|HS|  |TAMS 0x0000000081600000, 0x0000000081500000| Complete 
|  22|0x0000000081600000, 0x0000000081700000, 0x0000000081700000|100%|HC|  |TAMS 0x0000000081700000, 0x0000000081600000| Complete 
|  23|0x0000000081700000, 0x0000000081800000, 0x0000000081800000|100%|HC|  |TAMS 0x0000000081800000, 0x0000000081700000| Complete 
|  24|0x0000000081800000, 0x0000000081900000, 0x0000000081900000|100%| O|  |TAMS 0x0000000081900000, 0x0000000081800000| Untracked 
|  25|0x0000000081900000, 0x0000000081a00000, 0x0000000081a00000|100%| O|  |TAMS 0x0000000081a00000, 0x0000000081900000| Untracked 
|  26|0x0000000081a00000, 0x0000000081b00000, 0x0000000081b00000|100%| O|  |TAMS 0x0000000081b00000, 0x0000000081a00000| Untracked 
|  27|0x0000000081b00000, 0x0000000081c00000, 0x0000000081c00000|100%| O|  |TAMS 0x0000000081c00000, 0x0000000081b00000| Untracked 
|  28|0x0000000081c00000, 0x0000000081d00000, 0x0000000081d00000|100%| O|  |TAMS 0x0000000081d00000, 0x0000000081c00000| Untracked 
|  29|0x0000000081d00000, 0x0000000081e00000, 0x0000000081e00000|100%| O|  |TAMS 0x0000000081e00000, 0x0000000081d00000| Untracked 
|  30|0x0000000081e00000, 0x0000000081f00000, 0x0000000081f00000|100%| O|  |TAMS 0x0000000081f00000, 0x0000000081e00000| Untracked 
|  31|0x0000000081f00000, 0x0000000082000000, 0x0000000082000000|100%| O|  |TAMS 0x0000000082000000, 0x0000000081f00000| Untracked 
|  32|0x0000000082000000, 0x0000000082100000, 0x0000000082100000|100%| O|  |TAMS 0x0000000082100000, 0x0000000082000000| Untracked 
|  33|0x0000000082100000, 0x0000000082200000, 0x0000000082200000|100%| O|  |TAMS 0x0000000082200000, 0x0000000082100000| Untracked 
|  34|0x0000000082200000, 0x0000000082300000, 0x0000000082300000|100%| O|  |TAMS 0x0000000082300000, 0x0000000082200000| Untracked 
|  35|0x0000000082300000, 0x0000000082400000, 0x0000000082400000|100%| O|  |TAMS 0x0000000082400000, 0x0000000082300000| Untracked 
|  36|0x0000000082400000, 0x0000000082500000, 0x0000000082500000|100%| O|  |TAMS 0x0000000082500000, 0x0000000082400000| Untracked 
|  37|0x0000000082500000, 0x0000000082600000, 0x0000000082600000|100%| O|  |TAMS 0x0000000082600000, 0x0000000082500000| Untracked 
|  38|0x0000000082600000, 0x0000000082700000, 0x0000000082700000|100%| O|  |TAMS 0x0000000082700000, 0x0000000082600000| Untracked 
|  39|0x0000000082700000, 0x0000000082800000, 0x0000000082800000|100%| O|  |TAMS 0x0000000082800000, 0x0000000082700000| Untracked 
|  40|0x0000000082800000, 0x0000000082900000, 0x0000000082900000|100%| O|  |TAMS 0x0000000082900000, 0x0000000082800000| Untracked 
|  41|0x0000000082900000, 0x0000000082a00000, 0x0000000082a00000|100%| O|  |TAMS 0x0000000082a00000, 0x0000000082900000| Untracked 
|  42|0x0000000082a00000, 0x0000000082b00000, 0x0000000082b00000|100%| O|  |TAMS 0x0000000082b00000, 0x0000000082a00000| Untracked 
|  43|0x0000000082b00000, 0x0000000082c00000, 0x0000000082c00000|100%| O|  |TAMS 0x0000000082c00000, 0x0000000082b00000| Untracked 
|  44|0x0000000082c00000, 0x0000000082d00000, 0x0000000082d00000|100%| O|  |TAMS 0x0000000082d00000, 0x0000000082c00000| Untracked 
|  45|0x0000000082d00000, 0x0000000082e00000, 0x0000000082e00000|100%| O|  |TAMS 0x0000000082e00000, 0x0000000082d00000| Untracked 
|  46|0x0000000082e00000, 0x0000000082f00000, 0x0000000082f00000|100%| O|  |TAMS 0x0000000082f00000, 0x0000000082e00000| Untracked 
|  47|0x0000000082f00000, 0x0000000083000000, 0x0000000083000000|100%|HS|  |TAMS 0x0000000083000000, 0x0000000082f00000| Complete 
|  48|0x0000000083000000, 0x0000000083100000, 0x0000000083100000|100%|HS|  |TAMS 0x0000000083100000, 0x0000000083000000| Complete 
|  49|0x0000000083100000, 0x0000000083200000, 0x0000000083200000|100%| O|  |TAMS 0x0000000083200000, 0x0000000083100000| Untracked 
|  50|0x0000000083200000, 0x0000000083300000, 0x0000000083300000|100%| O|  |TAMS 0x0000000083300000, 0x0000000083200000| Untracked 
|  51|0x0000000083300000, 0x0000000083400000, 0x0000000083400000|100%| O|  |TAMS 0x0000000083400000, 0x0000000083300000| Untracked 
|  52|0x0000000083400000, 0x0000000083500000, 0x0000000083500000|100%|HS|  |TAMS 0x0000000083500000, 0x0000000083400000| Complete 
|  53|0x0000000083500000, 0x0000000083600000, 0x0000000083600000|100%|HC|  |TAMS 0x0000000083600000, 0x0000000083500000| Complete 
|  54|0x0000000083600000, 0x0000000083700000, 0x0000000083700000|100%| O|  |TAMS 0x0000000083700000, 0x0000000083600000| Untracked 
|  55|0x0000000083700000, 0x0000000083800000, 0x0000000083800000|100%| O|  |TAMS 0x0000000083800000, 0x0000000083700000| Untracked 
|  56|0x0000000083800000, 0x0000000083900000, 0x0000000083900000|100%| O|  |TAMS 0x0000000083900000, 0x0000000083800000| Untracked 
|  57|0x0000000083900000, 0x0000000083a00000, 0x0000000083a00000|100%| O|  |TAMS 0x0000000083a00000, 0x0000000083900000| Untracked 
|  58|0x0000000083a00000, 0x0000000083b00000, 0x0000000083b00000|100%| O|  |TAMS 0x0000000083b00000, 0x0000000083a00000| Untracked 
|  59|0x0000000083b00000, 0x0000000083c00000, 0x0000000083c00000|100%| O|  |TAMS 0x0000000083c00000, 0x0000000083b00000| Untracked 
|  60|0x0000000083c00000, 0x0000000083d00000, 0x0000000083d00000|100%| O|  |TAMS 0x0000000083d00000, 0x0000000083c00000| Untracked 
|  61|0x0000000083d00000, 0x0000000083e00000, 0x0000000083e00000|100%| O|  |TAMS 0x0000000083e00000, 0x0000000083d00000| Untracked 
|  62|0x0000000083e00000, 0x0000000083f00000, 0x0000000083f00000|100%| O|  |TAMS 0x0000000083f00000, 0x0000000083e00000| Untracked 
|  63|0x0000000083f00000, 0x0000000084000000, 0x0000000084000000|100%| O|  |TAMS 0x0000000084000000, 0x0000000083f00000| Untracked 
|  64|0x0000000084000000, 0x0000000084100000, 0x0000000084100000|100%| O|  |TAMS 0x0000000084100000, 0x0000000084000000| Untracked 
|  65|0x0000000084100000, 0x0000000084200000, 0x0000000084200000|100%| O|  |TAMS 0x0000000084200000, 0x0000000084100000| Untracked 
|  66|0x0000000084200000, 0x0000000084300000, 0x0000000084300000|100%| O|  |TAMS 0x0000000084300000, 0x0000000084200000| Untracked 
|  67|0x0000000084300000, 0x0000000084400000, 0x0000000084400000|100%| O|  |TAMS 0x0000000084400000, 0x0000000084300000| Untracked 
|  68|0x0000000084400000, 0x0000000084500000, 0x0000000084500000|100%| O|  |TAMS 0x0000000084500000, 0x0000000084400000| Untracked 
|  69|0x0000000084500000, 0x0000000084600000, 0x0000000084600000|100%| O|  |TAMS 0x0000000084600000, 0x0000000084500000| Untracked 
|  70|0x0000000084600000, 0x0000000084700000, 0x0000000084700000|100%| O|  |TAMS 0x0000000084700000, 0x0000000084600000| Untracked 
|  71|0x0000000084700000, 0x0000000084800000, 0x0000000084800000|100%| O|  |TAMS 0x0000000084800000, 0x0000000084700000| Untracked 
|  72|0x0000000084800000, 0x0000000084900000, 0x0000000084900000|100%| O|  |TAMS 0x0000000084900000, 0x0000000084800000| Untracked 
|  73|0x0000000084900000, 0x0000000084a00000, 0x0000000084a00000|100%| O|  |TAMS 0x0000000084a00000, 0x0000000084900000| Untracked 
|  74|0x0000000084a00000, 0x0000000084b00000, 0x0000000084b00000|100%| O|  |TAMS 0x0000000084b00000, 0x0000000084a00000| Untracked 
|  75|0x0000000084b00000, 0x0000000084b00000, 0x0000000084c00000|  0%| F|  |TAMS 0x0000000084b00000, 0x0000000084b00000| Untracked 
|  76|0x0000000084c00000, 0x0000000084d00000, 0x0000000084d00000|100%| O|  |TAMS 0x0000000084d00000, 0x0000000084c00000| Untracked 
|  77|0x0000000084d00000, 0x0000000084e00000, 0x0000000084e00000|100%| O|  |TAMS 0x0000000084d00000, 0x0000000084d00000| Untracked 
|  78|0x0000000084e00000, 0x0000000084f00000, 0x0000000084f00000|100%| O|  |TAMS 0x0000000084f00000, 0x0000000084e00000| Untracked 
|  79|0x0000000084f00000, 0x0000000085000000, 0x0000000085000000|100%| O|  |TAMS 0x0000000085000000, 0x0000000084f00000| Untracked 
|  80|0x0000000085000000, 0x0000000085100000, 0x0000000085100000|100%| O|  |TAMS 0x0000000085100000, 0x0000000085000000| Untracked 
|  81|0x0000000085100000, 0x0000000085200000, 0x0000000085200000|100%| O|  |TAMS 0x0000000085200000, 0x0000000085100000| Untracked 
|  82|0x0000000085200000, 0x0000000085300000, 0x0000000085300000|100%| O|  |TAMS 0x0000000085300000, 0x0000000085200000| Untracked 
|  83|0x0000000085300000, 0x0000000085400000, 0x0000000085400000|100%| O|  |TAMS 0x0000000085400000, 0x0000000085300000| Untracked 
|  84|0x0000000085400000, 0x0000000085500000, 0x0000000085500000|100%| O|  |TAMS 0x0000000085500000, 0x0000000085400000| Untracked 
|  85|0x0000000085500000, 0x0000000085600000, 0x0000000085600000|100%| O|  |TAMS 0x0000000085600000, 0x0000000085500000| Untracked 
|  86|0x0000000085600000, 0x0000000085700000, 0x0000000085700000|100%| O|  |TAMS 0x0000000085700000, 0x0000000085600000| Untracked 
|  87|0x0000000085700000, 0x0000000085800000, 0x0000000085800000|100%| O|  |TAMS 0x0000000085800000, 0x0000000085700000| Untracked 
|  88|0x0000000085800000, 0x0000000085900000, 0x0000000085900000|100%| O|  |TAMS 0x0000000085900000, 0x0000000085800000| Untracked 
|  89|0x0000000085900000, 0x0000000085a00000, 0x0000000085a00000|100%| O|  |TAMS 0x0000000085905a00, 0x0000000085900000| Untracked 
|  90|0x0000000085a00000, 0x0000000085b00000, 0x0000000085b00000|100%| O|  |TAMS 0x0000000085a00000, 0x0000000085a00000| Untracked 
|  91|0x0000000085b00000, 0x0000000085c00000, 0x0000000085c00000|100%| O|  |TAMS 0x0000000085b00000, 0x0000000085b00000| Untracked 
|  92|0x0000000085c00000, 0x0000000085d00000, 0x0000000085d00000|100%| O|  |TAMS 0x0000000085c00000, 0x0000000085c00000| Untracked 
|  93|0x0000000085d00000, 0x0000000085e00000, 0x0000000085e00000|100%| O|  |TAMS 0x0000000085d00000, 0x0000000085d00000| Untracked 
|  94|0x0000000085e00000, 0x0000000085eb7e00, 0x0000000085f00000| 71%| O|  |TAMS 0x0000000085e00000, 0x0000000085e00000| Untracked 
|  95|0x0000000085f00000, 0x0000000085f00000, 0x0000000086000000|  0%| F|  |TAMS 0x0000000085f00000, 0x0000000085f00000| Untracked 
|  96|0x0000000086000000, 0x0000000086000000, 0x0000000086100000|  0%| F|  |TAMS 0x0000000086000000, 0x0000000086000000| Untracked 
|  97|0x0000000086100000, 0x0000000086100000, 0x0000000086200000|  0%| F|  |TAMS 0x0000000086100000, 0x0000000086100000| Untracked 
|  98|0x0000000086200000, 0x0000000086200000, 0x0000000086300000|  0%| F|  |TAMS 0x0000000086200000, 0x0000000086200000| Untracked 
|  99|0x0000000086300000, 0x0000000086300000, 0x0000000086400000|  0%| F|  |TAMS 0x0000000086300000, 0x0000000086300000| Untracked 
| 100|0x0000000086400000, 0x0000000086400000, 0x0000000086500000|  0%| F|  |TAMS 0x0000000086400000, 0x0000000086400000| Untracked 
| 101|0x0000000086500000, 0x0000000086500000, 0x0000000086600000|  0%| F|  |TAMS 0x0000000086500000, 0x0000000086500000| Untracked 
| 102|0x0000000086600000, 0x0000000086600000, 0x0000000086700000|  0%| F|  |TAMS 0x0000000086600000, 0x0000000086600000| Untracked 
| 103|0x0000000086700000, 0x0000000086700000, 0x0000000086800000|  0%| F|  |TAMS 0x0000000086700000, 0x0000000086700000| Untracked 
| 104|0x0000000086800000, 0x0000000086800000, 0x0000000086900000|  0%| F|  |TAMS 0x0000000086800000, 0x0000000086800000| Untracked 
| 105|0x0000000086900000, 0x0000000086900000, 0x0000000086a00000|  0%| F|  |TAMS 0x0000000086900000, 0x0000000086900000| Untracked 
| 106|0x0000000086a00000, 0x0000000086a00000, 0x0000000086b00000|  0%| F|  |TAMS 0x0000000086a00000, 0x0000000086a00000| Untracked 
| 107|0x0000000086b00000, 0x0000000086b00000, 0x0000000086c00000|  0%| F|  |TAMS 0x0000000086b00000, 0x0000000086b00000| Untracked 
| 108|0x0000000086c00000, 0x0000000086c00000, 0x0000000086d00000|  0%| F|  |TAMS 0x0000000086c00000, 0x0000000086c00000| Untracked 
| 109|0x0000000086d00000, 0x0000000086d00000, 0x0000000086e00000|  0%| F|  |TAMS 0x0000000086d00000, 0x0000000086d00000| Untracked 
| 110|0x0000000086e00000, 0x0000000086e00000, 0x0000000086f00000|  0%| F|  |TAMS 0x0000000086e00000, 0x0000000086e00000| Untracked 
| 111|0x0000000086f00000, 0x0000000086f00000, 0x0000000087000000|  0%| F|  |TAMS 0x0000000086f00000, 0x0000000086f00000| Untracked 
| 112|0x0000000087000000, 0x0000000087000000, 0x0000000087100000|  0%| F|  |TAMS 0x0000000087000000, 0x0000000087000000| Untracked 
| 113|0x0000000087100000, 0x0000000087100000, 0x0000000087200000|  0%| F|  |TAMS 0x0000000087100000, 0x0000000087100000| Untracked 
| 114|0x0000000087200000, 0x0000000087200000, 0x0000000087300000|  0%| F|  |TAMS 0x0000000087200000, 0x0000000087200000| Untracked 
| 115|0x0000000087300000, 0x0000000087300000, 0x0000000087400000|  0%| F|  |TAMS 0x0000000087300000, 0x0000000087300000| Untracked 
| 116|0x0000000087400000, 0x0000000087400000, 0x0000000087500000|  0%| F|  |TAMS 0x0000000087400000, 0x0000000087400000| Untracked 
| 117|0x0000000087500000, 0x0000000087500000, 0x0000000087600000|  0%| F|  |TAMS 0x0000000087500000, 0x0000000087500000| Untracked 
| 118|0x0000000087600000, 0x0000000087600000, 0x0000000087700000|  0%| F|  |TAMS 0x0000000087600000, 0x0000000087600000| Untracked 
| 119|0x0000000087700000, 0x0000000087700000, 0x0000000087800000|  0%| F|  |TAMS 0x0000000087700000, 0x0000000087700000| Untracked 
| 120|0x0000000087800000, 0x0000000087800000, 0x0000000087900000|  0%| F|  |TAMS 0x0000000087800000, 0x0000000087800000| Untracked 
| 121|0x0000000087900000, 0x0000000087900000, 0x0000000087a00000|  0%| F|  |TAMS 0x0000000087900000, 0x0000000087900000| Untracked 
| 122|0x0000000087a00000, 0x0000000087a00000, 0x0000000087b00000|  0%| F|  |TAMS 0x0000000087a00000, 0x0000000087a00000| Untracked 
| 123|0x0000000087b00000, 0x0000000087b00000, 0x0000000087c00000|  0%| F|  |TAMS 0x0000000087b00000, 0x0000000087b00000| Untracked 
| 124|0x0000000087c00000, 0x0000000087c00000, 0x0000000087d00000|  0%| F|  |TAMS 0x0000000087c00000, 0x0000000087c00000| Untracked 
| 125|0x0000000087d00000, 0x0000000087d00000, 0x0000000087e00000|  0%| F|  |TAMS 0x0000000087d00000, 0x0000000087d00000| Untracked 
| 126|0x0000000087e00000, 0x0000000087e00000, 0x0000000087f00000|  0%| F|  |TAMS 0x0000000087e00000, 0x0000000087e00000| Untracked 
| 127|0x0000000087f00000, 0x0000000087f00000, 0x0000000088000000|  0%| F|  |TAMS 0x0000000087f00000, 0x0000000087f00000| Untracked 
| 128|0x0000000088000000, 0x0000000088000000, 0x0000000088100000|  0%| F|  |TAMS 0x0000000088000000, 0x0000000088000000| Untracked 
| 129|0x0000000088100000, 0x0000000088100000, 0x0000000088200000|  0%| F|  |TAMS 0x0000000088100000, 0x0000000088100000| Untracked 
| 130|0x0000000088200000, 0x0000000088200000, 0x0000000088300000|  0%| F|  |TAMS 0x0000000088200000, 0x0000000088200000| Untracked 
| 131|0x0000000088300000, 0x0000000088300000, 0x0000000088400000|  0%| F|  |TAMS 0x0000000088300000, 0x0000000088300000| Untracked 
| 132|0x0000000088400000, 0x0000000088400000, 0x0000000088500000|  0%| F|  |TAMS 0x0000000088400000, 0x0000000088400000| Untracked 
| 133|0x0000000088500000, 0x0000000088500000, 0x0000000088600000|  0%| F|  |TAMS 0x0000000088500000, 0x0000000088500000| Untracked 
| 134|0x0000000088600000, 0x0000000088600000, 0x0000000088700000|  0%| F|  |TAMS 0x0000000088600000, 0x0000000088600000| Untracked 
| 135|0x0000000088700000, 0x0000000088700000, 0x0000000088800000|  0%| F|  |TAMS 0x0000000088700000, 0x0000000088700000| Untracked 
| 136|0x0000000088800000, 0x0000000088800000, 0x0000000088900000|  0%| F|  |TAMS 0x0000000088800000, 0x0000000088800000| Untracked 
| 137|0x0000000088900000, 0x0000000088900000, 0x0000000088a00000|  0%| F|  |TAMS 0x0000000088900000, 0x0000000088900000| Untracked 
| 138|0x0000000088a00000, 0x0000000088a00000, 0x0000000088b00000|  0%| F|  |TAMS 0x0000000088a00000, 0x0000000088a00000| Untracked 
| 139|0x0000000088b00000, 0x0000000088b00000, 0x0000000088c00000|  0%| F|  |TAMS 0x0000000088b00000, 0x0000000088b00000| Untracked 
| 140|0x0000000088c00000, 0x0000000088c00000, 0x0000000088d00000|  0%| F|  |TAMS 0x0000000088c00000, 0x0000000088c00000| Untracked 
| 141|0x0000000088d00000, 0x0000000088d00000, 0x0000000088e00000|  0%| F|  |TAMS 0x0000000088d00000, 0x0000000088d00000| Untracked 
| 142|0x0000000088e00000, 0x0000000088e00000, 0x0000000088f00000|  0%| F|  |TAMS 0x0000000088e00000, 0x0000000088e00000| Untracked 
| 143|0x0000000088f00000, 0x0000000088f00000, 0x0000000089000000|  0%| F|  |TAMS 0x0000000088f00000, 0x0000000088f00000| Untracked 
| 144|0x0000000089000000, 0x0000000089000000, 0x0000000089100000|  0%| F|  |TAMS 0x0000000089000000, 0x0000000089000000| Untracked 
| 145|0x0000000089100000, 0x0000000089100000, 0x0000000089200000|  0%| F|  |TAMS 0x0000000089100000, 0x0000000089100000| Untracked 
| 146|0x0000000089200000, 0x0000000089200000, 0x0000000089300000|  0%| F|  |TAMS 0x0000000089200000, 0x0000000089200000| Untracked 
| 147|0x0000000089300000, 0x0000000089300000, 0x0000000089400000|  0%| F|  |TAMS 0x0000000089300000, 0x0000000089300000| Untracked 
| 148|0x0000000089400000, 0x0000000089400000, 0x0000000089500000|  0%| F|  |TAMS 0x0000000089400000, 0x0000000089400000| Untracked 
| 149|0x0000000089500000, 0x0000000089500000, 0x0000000089600000|  0%| F|  |TAMS 0x0000000089500000, 0x0000000089500000| Untracked 
| 150|0x0000000089600000, 0x0000000089600000, 0x0000000089700000|  0%| F|  |TAMS 0x0000000089600000, 0x0000000089600000| Untracked 
| 151|0x0000000089700000, 0x0000000089700000, 0x0000000089800000|  0%| F|  |TAMS 0x0000000089700000, 0x0000000089700000| Untracked 
| 152|0x0000000089800000, 0x0000000089800000, 0x0000000089900000|  0%| F|  |TAMS 0x0000000089800000, 0x0000000089800000| Untracked 
| 153|0x0000000089900000, 0x0000000089900000, 0x0000000089a00000|  0%| F|  |TAMS 0x0000000089900000, 0x0000000089900000| Untracked 
| 154|0x0000000089a00000, 0x0000000089a00000, 0x0000000089b00000|  0%| F|  |TAMS 0x0000000089a00000, 0x0000000089a00000| Untracked 
| 155|0x0000000089b00000, 0x0000000089b00000, 0x0000000089c00000|  0%| F|  |TAMS 0x0000000089b00000, 0x0000000089b00000| Untracked 
| 156|0x0000000089c00000, 0x0000000089c00000, 0x0000000089d00000|  0%| F|  |TAMS 0x0000000089c00000, 0x0000000089c00000| Untracked 
| 157|0x0000000089d00000, 0x0000000089d00000, 0x0000000089e00000|  0%| F|  |TAMS 0x0000000089d00000, 0x0000000089d00000| Untracked 
| 158|0x0000000089e00000, 0x0000000089e00000, 0x0000000089f00000|  0%| F|  |TAMS 0x0000000089e00000, 0x0000000089e00000| Untracked 
| 159|0x0000000089f00000, 0x0000000089f00000, 0x000000008a000000|  0%| F|  |TAMS 0x0000000089f00000, 0x0000000089f00000| Untracked 
| 160|0x000000008a000000, 0x000000008a000000, 0x000000008a100000|  0%| F|  |TAMS 0x000000008a000000, 0x000000008a000000| Untracked 
| 161|0x000000008a100000, 0x000000008a100000, 0x000000008a200000|  0%| F|  |TAMS 0x000000008a100000, 0x000000008a100000| Untracked 
| 162|0x000000008a200000, 0x000000008a200000, 0x000000008a300000|  0%| F|  |TAMS 0x000000008a200000, 0x000000008a200000| Untracked 
| 163|0x000000008a300000, 0x000000008a325268, 0x000000008a400000| 14%| E|  |TAMS 0x000000008a300000, 0x000000008a300000| Complete 
| 164|0x000000008a400000, 0x000000008a500000, 0x000000008a500000|100%| E|CS|TAMS 0x000000008a400000, 0x000000008a400000| Complete 
| 165|0x000000008a500000, 0x000000008a600000, 0x000000008a600000|100%| E|CS|TAMS 0x000000008a500000, 0x000000008a500000| Complete 
| 166|0x000000008a600000, 0x000000008a700000, 0x000000008a700000|100%| E|CS|TAMS 0x000000008a600000, 0x000000008a600000| Complete 
| 167|0x000000008a700000, 0x000000008a800000, 0x000000008a800000|100%| E|CS|TAMS 0x000000008a700000, 0x000000008a700000| Complete 
| 168|0x000000008a800000, 0x000000008a900000, 0x000000008a900000|100%| E|CS|TAMS 0x000000008a800000, 0x000000008a800000| Complete 
| 169|0x000000008a900000, 0x000000008aa00000, 0x000000008aa00000|100%| E|CS|TAMS 0x000000008a900000, 0x000000008a900000| Complete 
| 170|0x000000008aa00000, 0x000000008ab00000, 0x000000008ab00000|100%| E|CS|TAMS 0x000000008aa00000, 0x000000008aa00000| Complete 
| 171|0x000000008ab00000, 0x000000008ac00000, 0x000000008ac00000|100%| E|  |TAMS 0x000000008ab00000, 0x000000008ab00000| Complete 
| 172|0x000000008ac00000, 0x000000008ad00000, 0x000000008ad00000|100%| E|CS|TAMS 0x000000008ac00000, 0x000000008ac00000| Complete 
| 254|0x000000008fe00000, 0x000000008ff00000, 0x000000008ff00000|100%| S|CS|TAMS 0x000000008fe00000, 0x000000008fe00000| Complete 
| 255|0x000000008ff00000, 0x0000000090000000, 0x0000000090000000|100%| E|CS|TAMS 0x000000008ff00000, 0x000000008ff00000| Complete 
|2044|0x00000000ffc00000, 0x00000000ffd00000, 0x00000000ffd00000|100%| O|  |TAMS 0x00000000ffd00000, 0x00000000ffc00000| Untracked 
|2045|0x00000000ffd00000, 0x00000000ffe00000, 0x00000000ffe00000|100%| O|  |TAMS 0x00000000ffe00000, 0x00000000ffd00000| Untracked 
|2046|0x00000000ffe00000, 0x00000000fff00000, 0x00000000fff00000|100%| O|  |TAMS 0x00000000fff00000, 0x00000000ffe00000| Untracked 
|2047|0x00000000fff00000, 0x0000000100000000, 0x0000000100000000|100%| O|  |TAMS 0x0000000100000000, 0x00000000fff00000| Untracked 

Card table byte_map: [0x0000015df5810000,0x0000015df5c10000] _byte_map_base: 0x0000015df5410000

Marking Bits (Prev, Next): (CMBitMap*) 0x0000015dde96bc10, (CMBitMap*) 0x0000015dde96bc50
 Prev Bits: [0x0000015df6010000, 0x0000015df8010000)
 Next Bits: [0x0000015df8010000, 0x0000015dfa010000)

Polling page: 0x0000015ddc8a0000

Metaspace:

Usage:
  Non-class:     75.88 MB used.
      Class:     11.94 MB used.
       Both:     87.82 MB used.

Virtual space:
  Non-class space:      128.00 MB reserved,      76.31 MB ( 60%) committed,  2 nodes.
      Class space:      416.00 MB reserved,      12.25 MB (  3%) committed,  1 nodes.
             Both:      544.00 MB reserved,      88.56 MB ( 16%) committed. 

Chunk freelists:
   Non-Class:  2.97 MB
       Class:  3.75 MB
        Both:  6.72 MB

MaxMetaspaceSize: 512.00 MB
CompressedClassSpaceSize: 416.00 MB
Initial GC threshold: 21.00 MB
Current GC threshold: 147.12 MB
CDS: on
MetaspaceReclaimPolicy: balanced
 - commit_granule_bytes: 65536.
 - commit_granule_words: 8192.
 - virtual_space_node_default_size: 8388608.
 - enlarge_chunks_in_place: 1.
 - new_chunks_are_fully_committed: 0.
 - uncommit_free_chunks: 1.
 - use_allocation_guard: 0.
 - handle_deallocations: 1.


Internal statistics:

num_allocs_failed_limit: 6.
num_arena_births: 922.
num_arena_deaths: 4.
num_vsnodes_births: 3.
num_vsnodes_deaths: 0.
num_space_committed: 1417.
num_space_uncommitted: 0.
num_chunks_returned_to_freelist: 11.
num_chunks_taken_from_freelist: 4473.
num_chunk_merges: 6.
num_chunk_splits: 2959.
num_chunks_enlarged: 1957.
num_inconsistent_stats: 0.

CodeHeap 'non-profiled nmethods': size=120000Kb used=7851Kb max_used=7851Kb free=112148Kb
 bounds [0x0000015dedee0000, 0x0000015dee690000, 0x0000015df5410000]
CodeHeap 'profiled nmethods': size=120000Kb used=22386Kb max_used=22386Kb free=97613Kb
 bounds [0x0000015de6410000, 0x0000015de79f0000, 0x0000015ded940000]
CodeHeap 'non-nmethods': size=5760Kb used=2446Kb max_used=2538Kb free=3313Kb
 bounds [0x0000015ded940000, 0x0000015dedbe0000, 0x0000015dedee0000]
 total_blobs=12298 nmethods=11323 adapters=887
 compilation: enabled
              stopped_count=0, restarted_count=0
 full_count=0

Compilation events (20 events):
Event: 61.329 Thread 0x0000015dfc523a20 nmethod 12727 0x0000015dee687e90 code [0x0000015dee688040, 0x0000015dee688618]
Event: 61.331 Thread 0x0000015da1595600 nmethod 12729 0x0000015dee688a10 code [0x0000015dee688ba0, 0x0000015dee688e98]
Event: 61.332 Thread 0x0000015da1595600 12730       4       org.gradle.cache.internal.btree.BTreePersistentIndexedCache$IndexRoot::getRoot (15 bytes)
Event: 61.333 Thread 0x0000015dfc523a20 12731       4       java.nio.file.attribute.FileTime::from (18 bytes)
Event: 61.334 Thread 0x0000015dfc523a20 nmethod 12731 0x0000015dee689010 code [0x0000015dee6891a0, 0x0000015dee689298]
Event: 61.334 Thread 0x0000015dfc523a20 12732       4       sun.nio.fs.WindowsFileAttributes::lastModifiedTime (8 bytes)
Event: 61.335 Thread 0x0000015da1595600 nmethod 12730 0x0000015dee689390 code [0x0000015dee689520, 0x0000015dee689788]
Event: 61.335 Thread 0x0000015dfc523a20 nmethod 12732 0x0000015dee689910 code [0x0000015dee689aa0, 0x0000015dee689c48]
Event: 61.337 Thread 0x0000015dfc523a20 12733       4       org.gradle.cache.internal.CacheAccessWorker$1::call (10 bytes)
Event: 61.337 Thread 0x0000015da1595600 12734       4       org.gradle.cache.internal.AsyncCacheAccessDecoratedCache$$Lambda$370/0x0000015d8140e570::create (12 bytes)
Event: 61.345 Thread 0x0000015dfc5244d0 12735       3       java.io.ObjectStreamField::getSignature (39 bytes)
Event: 61.345 Thread 0x0000015dfc5244d0 nmethod 12735 0x0000015de79de790 code [0x0000015de79de9a0, 0x0000015de79dee68]
Event: 61.345 Thread 0x0000015dfc5244d0 12736       3       org.gradle.api.internal.tasks.execution.TaskExecution$$Lambda$907/0x0000015d817c8000::getValue (12 bytes)
Event: 61.345 Thread 0x0000015dfc5244d0 nmethod 12736 0x0000015de79df090 code [0x0000015de79df240, 0x0000015de79df3e8]
Event: 61.346 Thread 0x0000015dfc5244d0 12737       3       org.gradle.api.internal.tasks.execution.TaskExecution::lambda$visitRegularInputs$1 (9 bytes)
Event: 61.346 Thread 0x0000015dfc5244d0 nmethod 12737 0x0000015de79df510 code [0x0000015de79df6a0, 0x0000015de79df7e8]
Event: 61.357 Thread 0x0000015dfc5244d0 12739       3       org.gradle.api.internal.file.pattern.HasPrefixAndSuffixPatternStep::matches (28 bytes)
Event: 61.358 Thread 0x0000015dfc5244d0 nmethod 12739 0x0000015de79df890 code [0x0000015de79dfa40, 0x0000015de79dfc98]
Event: 61.363 Thread 0x0000015dfc5244d0 12740       3       com.google.common.cache.LocalCache$Segment::cleanUp (21 bytes)
Event: 61.363 Thread 0x0000015dfc5244d0 nmethod 12740 0x0000015de79dfd90 code [0x0000015de79dff80, 0x0000015de79e0468]

GC Heap History (20 events):
Event: 49.735 GC heap before
{Heap before GC invocations=42 (full 0):
 garbage-first heap   total 140288K, used 104432K [0x0000000080000000, 0x0000000100000000)
  region size 1024K, 30 young (30720K), 4 survivors (4096K)
 Metaspace       used 75804K, committed 76544K, reserved 557056K
  class space    used 10477K, committed 10816K, reserved 425984K
}
Event: 49.747 GC heap after
{Heap after GC invocations=43 (full 0):
 garbage-first heap   total 140288K, used 81508K [0x0000000080000000, 0x0000000100000000)
  region size 1024K, 4 young (4096K), 4 survivors (4096K)
 Metaspace       used 75804K, committed 76544K, reserved 557056K
  class space    used 10477K, committed 10816K, reserved 425984K
}
Event: 51.471 GC heap before
{Heap before GC invocations=43 (full 0):
 garbage-first heap   total 140288K, used 113252K [0x0000000080000000, 0x0000000100000000)
  region size 1024K, 35 young (35840K), 4 survivors (4096K)
 Metaspace       used 80316K, committed 81088K, reserved 557056K
  class space    used 11119K, committed 11520K, reserved 425984K
}
Event: 51.480 GC heap after
{Heap after GC invocations=44 (full 0):
 garbage-first heap   total 140288K, used 83861K [0x0000000080000000, 0x0000000100000000)
  region size 1024K, 3 young (3072K), 3 survivors (3072K)
 Metaspace       used 80316K, committed 81088K, reserved 557056K
  class space    used 11119K, committed 11520K, reserved 425984K
}
Event: 53.802 GC heap before
{Heap before GC invocations=45 (full 0):
 garbage-first heap   total 152576K, used 113557K [0x0000000080000000, 0x0000000100000000)
  region size 1024K, 32 young (32768K), 3 survivors (3072K)
 Metaspace       used 84858K, committed 85696K, reserved 557056K
  class space    used 11637K, committed 12032K, reserved 425984K
}
Event: 53.811 GC heap after
{Heap after GC invocations=46 (full 0):
 garbage-first heap   total 152576K, used 87453K [0x0000000080000000, 0x0000000100000000)
  region size 1024K, 4 young (4096K), 4 survivors (4096K)
 Metaspace       used 84858K, committed 85696K, reserved 557056K
  class space    used 11637K, committed 12032K, reserved 425984K
}
Event: 53.993 GC heap before
{Heap before GC invocations=46 (full 0):
 garbage-first heap   total 152576K, used 90525K [0x0000000080000000, 0x0000000100000000)
  region size 1024K, 7 young (7168K), 4 survivors (4096K)
 Metaspace       used 85242K, committed 86080K, reserved 557056K
  class space    used 11692K, committed 12096K, reserved 425984K
}
Event: 54.004 GC heap after
{Heap after GC invocations=47 (full 0):
 garbage-first heap   total 152576K, used 87766K [0x0000000080000000, 0x0000000100000000)
  region size 1024K, 1 young (1024K), 1 survivors (1024K)
 Metaspace       used 85242K, committed 86080K, reserved 557056K
  class space    used 11692K, committed 12096K, reserved 425984K
}
Event: 56.438 GC heap before
{Heap before GC invocations=47 (full 0):
 garbage-first heap   total 152576K, used 123606K [0x0000000080000000, 0x0000000100000000)
  region size 1024K, 36 young (36864K), 1 survivors (1024K)
 Metaspace       used 88529K, committed 89344K, reserved 557056K
  class space    used 12108K, committed 12480K, reserved 425984K
}
Event: 56.446 GC heap after
{Heap after GC invocations=48 (full 0):
 garbage-first heap   total 183296K, used 90973K [0x0000000080000000, 0x0000000100000000)
  region size 1024K, 4 young (4096K), 4 survivors (4096K)
 Metaspace       used 88529K, committed 89344K, reserved 557056K
  class space    used 12108K, committed 12480K, reserved 425984K
}
Event: 58.744 GC heap before
{Heap before GC invocations=49 (full 0):
 garbage-first heap   total 183296K, used 145245K [0x0000000080000000, 0x0000000100000000)
  region size 1024K, 58 young (59392K), 4 survivors (4096K)
 Metaspace       used 89202K, committed 89984K, reserved 557056K
  class space    used 12182K, committed 12544K, reserved 425984K
}
Event: 58.756 GC heap after
{Heap after GC invocations=50 (full 0):
 garbage-first heap   total 183296K, used 94897K [0x0000000080000000, 0x0000000100000000)
  region size 1024K, 8 young (8192K), 8 survivors (8192K)
 Metaspace       used 89202K, committed 89984K, reserved 557056K
  class space    used 12182K, committed 12544K, reserved 425984K
}
Event: 58.775 GC heap before
{Heap before GC invocations=50 (full 0):
 garbage-first heap   total 183296K, used 95921K [0x0000000080000000, 0x0000000100000000)
  region size 1024K, 9 young (9216K), 8 survivors (8192K)
 Metaspace       used 89237K, committed 89984K, reserved 557056K
  class space    used 12182K, committed 12544K, reserved 425984K
}
Event: 58.785 GC heap after
{Heap after GC invocations=51 (full 0):
 garbage-first heap   total 183296K, used 95238K [0x0000000080000000, 0x0000000100000000)
  region size 1024K, 1 young (1024K), 1 survivors (1024K)
 Metaspace       used 89237K, committed 89984K, reserved 557056K
  class space    used 12182K, committed 12544K, reserved 425984K
}
Event: 59.947 GC heap before
{Heap before GC invocations=51 (full 0):
 garbage-first heap   total 183296K, used 147462K [0x0000000080000000, 0x0000000100000000)
  region size 1024K, 53 young (54272K), 1 survivors (1024K)
 Metaspace       used 89568K, committed 90304K, reserved 557056K
  class space    used 12196K, committed 12544K, reserved 425984K
}
Event: 59.955 GC heap after
{Heap after GC invocations=52 (full 0):
 garbage-first heap   total 183296K, used 97616K [0x0000000080000000, 0x0000000100000000)
  region size 1024K, 4 young (4096K), 4 survivors (4096K)
 Metaspace       used 89568K, committed 90304K, reserved 557056K
  class space    used 12196K, committed 12544K, reserved 425984K
}
Event: 61.252 GC heap before
{Heap before GC invocations=53 (full 0):
 garbage-first heap   total 183296K, used 147792K [0x0000000080000000, 0x0000000100000000)
  region size 1024K, 54 young (55296K), 4 survivors (4096K)
 Metaspace       used 89780K, committed 90560K, reserved 557056K
  class space    used 12210K, committed 12544K, reserved 425984K
}
Event: 61.262 GC heap after
{Heap after GC invocations=54 (full 0):
 garbage-first heap   total 183296K, used 100666K [0x0000000080000000, 0x0000000100000000)
  region size 1024K, 7 young (7168K), 7 survivors (7168K)
 Metaspace       used 89780K, committed 90560K, reserved 557056K
  class space    used 12210K, committed 12544K, reserved 425984K
}
Event: 61.273 GC heap before
{Heap before GC invocations=54 (full 0):
 garbage-first heap   total 183296K, used 100666K [0x0000000080000000, 0x0000000100000000)
  region size 1024K, 8 young (8192K), 7 survivors (7168K)
 Metaspace       used 89780K, committed 90560K, reserved 557056K
  class space    used 12210K, committed 12544K, reserved 425984K
}
Event: 61.282 GC heap after
{Heap after GC invocations=55 (full 0):
 garbage-first heap   total 183296K, used 101071K [0x0000000080000000, 0x0000000100000000)
  region size 1024K, 1 young (1024K), 1 survivors (1024K)
 Metaspace       used 89780K, committed 90560K, reserved 557056K
  class space    used 12210K, committed 12544K, reserved 425984K
}

Dll operation events (12 events):
Event: 0.008 Loaded shared library C:\Program Files\Microsoft\jdk-17.0.8.7-hotspot\bin\java.dll
Event: 0.047 Loaded shared library C:\Program Files\Microsoft\jdk-17.0.8.7-hotspot\bin\jsvml.dll
Event: 0.158 Loaded shared library C:\Program Files\Microsoft\jdk-17.0.8.7-hotspot\bin\net.dll
Event: 0.160 Loaded shared library C:\Program Files\Microsoft\jdk-17.0.8.7-hotspot\bin\nio.dll
Event: 0.167 Loaded shared library C:\Program Files\Microsoft\jdk-17.0.8.7-hotspot\bin\zip.dll
Event: 0.558 Loaded shared library C:\Program Files\Microsoft\jdk-17.0.8.7-hotspot\bin\jimage.dll
Event: 0.702 Loaded shared library C:\Program Files\Microsoft\jdk-17.0.8.7-hotspot\bin\verify.dll
Event: 1.076 Loaded shared library C:\Users\lab_services_student\.gradle\native\e1d6ef7f7dcc3fd88c89a11ec53ec762bb8ba0a96d01ffa2cd45eb1d1d8dd5c5\windows-amd64\native-platform.dll
Event: 1.149 Loaded shared library C:\Users\lab_services_student\.gradle\native\5664cfc778a61ccfe75a443a1ab52a65af34e5dc3c78e0209fed803814484fcb\windows-amd64\native-platform-file-events.dll
Event: 4.429 Loaded shared library C:\Program Files\Microsoft\jdk-17.0.8.7-hotspot\bin\management.dll
Event: 4.432 Loaded shared library C:\Program Files\Microsoft\jdk-17.0.8.7-hotspot\bin\management_ext.dll
Event: 5.653 Loaded shared library C:\Program Files\Microsoft\jdk-17.0.8.7-hotspot\bin\sunmscapi.dll

Deoptimization events (20 events):
Event: 61.013 Thread 0x0000015dfc9d8a80 Uncommon trap: trap_request=0xffffffde fr.pc=0x0000015dee6297b8 relative=0x0000000000000298
Event: 61.013 Thread 0x0000015dfc9d8a80 Uncommon trap: reason=class_check action=maybe_recompile pc=0x0000015dee6297b8 method=java.util.concurrent.ConcurrentHashMap.get(Ljava/lang/Object;)Ljava/lang/Object; @ 93 c2
Event: 61.013 Thread 0x0000015dfc9d8a80 DEOPT PACKING pc=0x0000015dee6297b8 sp=0x0000000de0cf7560
Event: 61.013 Thread 0x0000015dfc9d8a80 DEOPT UNPACKING pc=0x0000015ded99a1a3 sp=0x0000000de0cf74b8 mode 2
Event: 61.093 Thread 0x0000015dff07ec50 Uncommon trap: trap_request=0xffffffde fr.pc=0x0000015dee66d164 relative=0x0000000000000724
Event: 61.093 Thread 0x0000015dff07ec50 Uncommon trap: reason=class_check action=maybe_recompile pc=0x0000015dee66d164 method=org.gradle.api.internal.artifacts.ivyservice.resolveengine.artifact.ParallelResolveArtifactSet$VisitingSet$StartVisitAction.visitArtifacts(Lorg/gradle/api/internal/artif
Event: 61.093 Thread 0x0000015dff07ec50 DEOPT PACKING pc=0x0000015dee66d164 sp=0x0000000de54fa760
Event: 61.093 Thread 0x0000015dff07ec50 DEOPT UNPACKING pc=0x0000015ded99a1a3 sp=0x0000000de54fa730 mode 2
Event: 61.093 Thread 0x0000015dff07ec50 Uncommon trap: trap_request=0xffffffde fr.pc=0x0000015dee66d164 relative=0x0000000000000724
Event: 61.093 Thread 0x0000015dff07ec50 Uncommon trap: reason=class_check action=maybe_recompile pc=0x0000015dee66d164 method=org.gradle.api.internal.artifacts.ivyservice.resolveengine.artifact.ParallelResolveArtifactSet$VisitingSet$StartVisitAction.visitArtifacts(Lorg/gradle/api/internal/artif
Event: 61.093 Thread 0x0000015dff07ec50 DEOPT PACKING pc=0x0000015dee66d164 sp=0x0000000de54fa760
Event: 61.093 Thread 0x0000015dff07ec50 DEOPT UNPACKING pc=0x0000015ded99a1a3 sp=0x0000000de54fa730 mode 2
Event: 61.093 Thread 0x0000015dff07ec50 Uncommon trap: trap_request=0xffffffde fr.pc=0x0000015dee66d164 relative=0x0000000000000724
Event: 61.093 Thread 0x0000015dff07ec50 Uncommon trap: reason=class_check action=maybe_recompile pc=0x0000015dee66d164 method=org.gradle.api.internal.artifacts.ivyservice.resolveengine.artifact.ParallelResolveArtifactSet$VisitingSet$StartVisitAction.visitArtifacts(Lorg/gradle/api/internal/artif
Event: 61.093 Thread 0x0000015dff07ec50 DEOPT PACKING pc=0x0000015dee66d164 sp=0x0000000de54fa760
Event: 61.093 Thread 0x0000015dff07ec50 DEOPT UNPACKING pc=0x0000015ded99a1a3 sp=0x0000000de54fa730 mode 2
Event: 61.093 Thread 0x0000015dff07ec50 Uncommon trap: trap_request=0xffffffde fr.pc=0x0000015dee66d164 relative=0x0000000000000724
Event: 61.093 Thread 0x0000015dff07ec50 Uncommon trap: reason=class_check action=maybe_recompile pc=0x0000015dee66d164 method=org.gradle.api.internal.artifacts.ivyservice.resolveengine.artifact.ParallelResolveArtifactSet$VisitingSet$StartVisitAction.visitArtifacts(Lorg/gradle/api/internal/artif
Event: 61.093 Thread 0x0000015dff07ec50 DEOPT PACKING pc=0x0000015dee66d164 sp=0x0000000de54fa760
Event: 61.093 Thread 0x0000015dff07ec50 DEOPT UNPACKING pc=0x0000015ded99a1a3 sp=0x0000000de54fa730 mode 2

Classes unloaded (2 events):
Event: 60.210 Thread 0x0000015dfc4febc0 Unloading class 0x0000015d81c2c800 'java/lang/invoke/LambdaForm$DMH+0x0000015d81c2c800'
Event: 60.210 Thread 0x0000015dfc4febc0 Unloading class 0x0000015d81c2c000 'java/lang/invoke/LambdaForm$DMH+0x0000015d81c2c000'

Classes redefined (0 events):
No events

Internal exceptions (20 events):
Event: 56.418 Thread 0x0000015dfc9d8a80 Exception <a 'java/lang/ClassNotFoundException'{0x0000000086d0a2f0}: java/io/BufferedWriterBeanInfo> (0x0000000086d0a2f0) 
thrown [s\src\hotspot\share\classfile\systemDictionary.cpp, line 256]
Event: 56.418 Thread 0x0000015dfc9d8a80 Exception <a 'java/lang/ClassNotFoundException'{0x0000000086d12718}: java/io/WriterBeanInfo> (0x0000000086d12718) 
thrown [s\src\hotspot\share\classfile\systemDictionary.cpp, line 256]
Event: 56.419 Thread 0x0000015dfc9d8a80 Exception <a 'java/lang/ClassNotFoundException'{0x0000000086d1a610}: java/io/WriterCustomizer> (0x0000000086d1a610) 
thrown [s\src\hotspot\share\classfile\systemDictionary.cpp, line 256]
Event: 56.420 Thread 0x0000015dfc9d8a80 Exception <a 'java/lang/ClassNotFoundException'{0x0000000086d2af18}: java/io/BufferedWriterCustomizer> (0x0000000086d2af18) 
thrown [s\src\hotspot\share\classfile\systemDictionary.cpp, line 256]
Event: 56.657 Thread 0x0000015dff07ec50 Exception <a 'java/lang/NoSuchMethodError'{0x000000008fe41c50}: static Lcom/android/build/api/variant/BuildConfigField;.<clinit>()V> (0x000000008fe41c50) 
thrown [s\src\hotspot\share\prims\jni.cpp, line 1107]
Event: 56.689 Thread 0x0000015dff07ec50 Exception <a 'java/lang/NoSuchMethodError'{0x000000008feedd00}: 'void java.lang.invoke.DirectMethodHandle$Holder.invokeStatic(java.lang.Object, java.lang.Object, java.lang.Object, java.lang.Object, int, java.lang.Object, java.lang.Object)'> (0x000000008feedd00) 
thrown [s\src\hotspot\share\interpreter\linkResolver.cpp, line 759]
Event: 56.792 Thread 0x0000015dfe5be090 Exception <a 'java/lang/NoSuchMethodError'{0x000000008ac884a0}: 'java.lang.Object java.lang.invoke.DirectMethodHandle$Holder.invokeSpecialIFC(java.lang.Object, java.lang.Object, java.lang.Object)'> (0x000000008ac884a0) 
thrown [s\src\hotspot\share\interpreter\linkResolver.cpp, line 759]
Event: 56.792 Thread 0x0000015dff07ec50 Exception <a 'java/lang/NoSuchMethodError'{0x000000008aa4f230}: 'java.lang.Object java.lang.invoke.DirectMethodHandle$Holder.invokeSpecialIFC(java.lang.Object, java.lang.Object, java.lang.Object)'> (0x000000008aa4f230) 
thrown [s\src\hotspot\share\interpreter\linkResolver.cpp, line 759]
Event: 56.792 Thread 0x0000015dfe5be5a0 Exception <a 'java/lang/NoSuchMethodError'{0x000000008aa5bef0}: 'java.lang.Object java.lang.invoke.DirectMethodHandle$Holder.invokeSpecialIFC(java.lang.Object, java.lang.Object, java.lang.Object)'> (0x000000008aa5bef0) 
thrown [s\src\hotspot\share\interpreter\linkResolver.cpp, line 759]
Event: 58.464 Thread 0x0000015dff07ec50 Exception <a 'java/lang/NoSuchMethodError'{0x000000008829a818}: static Lcom/android/build/api/variant/impl/ResValueKeyImpl;.<clinit>()V> (0x000000008829a818) 
thrown [s\src\hotspot\share\prims\jni.cpp, line 1107]
Event: 58.466 Thread 0x0000015dff07ec50 Exception <a 'java/lang/NoSuchMethodError'{0x00000000882a74b0}: static Lcom/android/build/api/variant/ResValue;.<clinit>()V> (0x00000000882a74b0) 
thrown [s\src\hotspot\share\prims\jni.cpp, line 1107]
Event: 58.644 Thread 0x0000015da0088e90 Implicit null exception at 0x0000015dee5a1f37 to 0x0000015dee5a2848
Event: 59.069 Thread 0x0000015dff07ec50 Exception <a 'java/lang/NoSuchMethodError'{0x000000008a23acb0}: static Lcom/android/build/gradle/internal/scope/InternalArtifactType;.<clinit>()V> (0x000000008a23acb0) 
thrown [s\src\hotspot\share\prims\jni.cpp, line 1107]
Event: 59.071 Thread 0x0000015dff07ec50 Exception <a 'java/lang/NoSuchMethodError'{0x000000008a23e4b0}: static Lcom/android/build/gradle/internal/scope/InternalArtifactType;.<clinit>()V> (0x000000008a23e4b0) 
thrown [s\src\hotspot\share\prims\jni.cpp, line 1107]
Event: 59.071 Thread 0x0000015dff07ec50 Exception <a 'java/lang/NoSuchMethodError'{0x000000008a240b88}: static Lcom/android/build/api/artifact/Artifact$Single;.<clinit>()V> (0x000000008a240b88) 
thrown [s\src\hotspot\share\prims\jni.cpp, line 1107]
Event: 59.071 Thread 0x0000015dff07ec50 Exception <a 'java/lang/NoSuchMethodError'{0x000000008a243090}: static Ljava/lang/Object;.<clinit>()V> (0x000000008a243090) 
thrown [s\src\hotspot\share\prims\jni.cpp, line 1107]
Event: 59.073 Thread 0x0000015dff07ec50 Exception <a 'java/lang/NoSuchMethodError'{0x000000008a25aea8}: static Lcom/android/build/api/artifact/ArtifactKind;.<clinit>()V> (0x000000008a25aea8) 
thrown [s\src\hotspot\share\prims\jni.cpp, line 1107]
Event: 59.073 Thread 0x0000015dff07ec50 Exception <a 'java/lang/NoSuchMethodError'{0x000000008a25c068}: static Lcom/android/build/api/artifact/ArtifactKind;.<clinit>()V> (0x000000008a25c068) 
thrown [s\src\hotspot\share\prims\jni.cpp, line 1107]
Event: 60.240 Thread 0x0000015dfc503670 Implicit null exception at 0x0000015dee1df103 to 0x0000015dee1df2e8
Event: 61.345 Thread 0x0000015dff07ec50 Exception <a 'java/lang/NoSuchMethodError'{0x000000008a86c5b0}: static Ljava/lang/Object;.<clinit>()V> (0x000000008a86c5b0) 
thrown [s\src\hotspot\share\prims\jni.cpp, line 1107]

VM Operations (20 events):
Event: 59.186 Executing VM operation: HandshakeAllThreads
Event: 59.186 Executing VM operation: HandshakeAllThreads done
Event: 59.335 Executing VM operation: ICBufferFull
Event: 59.335 Executing VM operation: ICBufferFull done
Event: 59.929 Executing VM operation: HandshakeAllThreads
Event: 59.929 Executing VM operation: HandshakeAllThreads done
Event: 59.947 Executing VM operation: G1CollectForAllocation
Event: 59.964 Executing VM operation: G1CollectForAllocation done
Event: 60.172 Executing VM operation: HandshakeAllThreads
Event: 60.209 Executing VM operation: HandshakeAllThreads done
Event: 60.209 Executing VM operation: G1PauseRemark
Event: 60.228 Executing VM operation: G1PauseRemark done
Event: 60.324 Executing VM operation: G1PauseCleanup
Event: 60.325 Executing VM operation: G1PauseCleanup done
Event: 61.089 Executing VM operation: ICBufferFull
Event: 61.089 Executing VM operation: ICBufferFull done
Event: 61.251 Executing VM operation: G1CollectForAllocation
Event: 61.264 Executing VM operation: G1CollectForAllocation done
Event: 61.273 Executing VM operation: G1CollectForAllocation
Event: 61.283 Executing VM operation: G1CollectForAllocation done

Events (20 events):
Event: 58.620 loading class java/util/stream/SortedOps
Event: 58.626 loading class java/util/stream/SortedOps done
Event: 58.626 loading class java/util/stream/SortedOps$OfRef
Event: 58.630 loading class java/util/stream/SortedOps$OfRef done
Event: 58.632 loading class java/util/stream/SortedOps$SizedRefSortingSink
Event: 58.637 loading class java/util/stream/SortedOps$AbstractRefSortingSink
Event: 58.641 loading class java/util/stream/SortedOps$AbstractRefSortingSink done
Event: 58.641 loading class java/util/stream/SortedOps$SizedRefSortingSink done
Event: 58.916 Thread 0x0000015dfc9778a0 Thread exited: 0x0000015dfc9778a0
Event: 59.040 Thread 0x0000015dfc9778a0 Thread added: 0x0000015dfc9778a0
Event: 59.072 loading class java/io/ObjectStreamClass$ExceptionInfo
Event: 59.072 loading class java/io/ObjectStreamClass$ExceptionInfo done
Event: 59.155 Thread 0x0000015dfc9778a0 Thread exited: 0x0000015dfc9778a0
Event: 59.810 Thread 0x0000015da1595600 Thread added: 0x0000015da1595600
Event: 60.229 loading class sun/security/ssl/Alert
Event: 60.234 loading class sun/security/ssl/Alert done
Event: 60.235 loading class sun/security/ssl/Alert$AlertConsumer
Event: 60.239 loading class sun/security/ssl/Alert$AlertConsumer done
Event: 60.239 loading class sun/security/ssl/Alert$Level
Event: 60.240 loading class sun/security/ssl/Alert$Level done


Dynamic libraries:
0x00007ff761740000 - 0x00007ff76174e000 	C:\Program Files\Microsoft\jdk-17.0.8.7-hotspot\bin\java.exe
0x00007ff94d800000 - 0x00007ff94da09000 	C:\Windows\SYSTEM32\ntdll.dll
0x00007ff94bcd0000 - 0x00007ff94bd8d000 	C:\Windows\System32\KERNEL32.DLL
0x00007ff94aea0000 - 0x00007ff94b224000 	C:\Windows\System32\KERNELBASE.dll
0x00007ff94b320000 - 0x00007ff94b431000 	C:\Windows\System32\ucrtbase.dll
0x00007ff921df0000 - 0x00007ff921e07000 	C:\Program Files\Microsoft\jdk-17.0.8.7-hotspot\bin\jli.dll
0x00007ff94c8c0000 - 0x00007ff94ca6d000 	C:\Windows\System32\USER32.dll
0x00007ff94b620000 - 0x00007ff94b646000 	C:\Windows\System32\win32u.dll
0x00007ff94cae0000 - 0x00007ff94cb0a000 	C:\Windows\System32\GDI32.dll
0x00007ff94b500000 - 0x00007ff94b61e000 	C:\Windows\System32\gdi32full.dll
0x00007ff94ae00000 - 0x00007ff94ae9d000 	C:\Windows\System32\msvcp_win.dll
0x00007ff922050000 - 0x00007ff92206b000 	C:\Program Files\Microsoft\jdk-17.0.8.7-hotspot\bin\VCRUNTIME140.dll
0x00007ff924ef0000 - 0x00007ff925195000 	C:\Windows\WinSxS\amd64_microsoft.windows.common-controls_6595b64144ccf1df_6.0.22000.120_none_9d947278b86cc467\COMCTL32.dll
0x00007ff94c2d0000 - 0x00007ff94c373000 	C:\Windows\System32\msvcrt.dll
0x00007ff94d3d0000 - 0x00007ff94d401000 	C:\Windows\System32\IMM32.DLL
0x00007ff921670000 - 0x00007ff92167c000 	C:\Program Files\Microsoft\jdk-17.0.8.7-hotspot\bin\vcruntime140_1.dll
0x00007ff8ca210000 - 0x00007ff8ca29d000 	C:\Program Files\Microsoft\jdk-17.0.8.7-hotspot\bin\msvcp140.dll
0x00007ff8c95a0000 - 0x00007ff8ca205000 	C:\Program Files\Microsoft\jdk-17.0.8.7-hotspot\bin\server\jvm.dll
0x00007ff94d430000 - 0x00007ff94d4de000 	C:\Windows\System32\ADVAPI32.dll
0x00007ff94bc30000 - 0x00007ff94bcce000 	C:\Windows\System32\sechost.dll
0x00007ff94c3b0000 - 0x00007ff94c4d1000 	C:\Windows\System32\RPCRT4.dll
0x00007ff94ab60000 - 0x00007ff94abad000 	C:\Windows\SYSTEM32\POWRPROF.dll
0x00007ff921660000 - 0x00007ff921669000 	C:\Windows\SYSTEM32\WSOCK32.dll
0x00007ff94ca70000 - 0x00007ff94cadf000 	C:\Windows\System32\WS2_32.dll
0x00007ff940470000 - 0x00007ff9404a3000 	C:\Windows\SYSTEM32\WINMM.dll
0x00007ff9407f0000 - 0x00007ff9407fa000 	C:\Windows\SYSTEM32\VERSION.dll
0x00007ff94aa90000 - 0x00007ff94aaa3000 	C:\Windows\SYSTEM32\UMPDC.dll
0x00007ff949cc0000 - 0x00007ff949cd8000 	C:\Windows\SYSTEM32\kernel.appcore.dll
0x00007ff921650000 - 0x00007ff92165a000 	C:\Program Files\Microsoft\jdk-17.0.8.7-hotspot\bin\jimage.dll
0x00007ff93df70000 - 0x00007ff93e191000 	C:\Windows\SYSTEM32\DBGHELP.DLL
0x00007ff93d8c0000 - 0x00007ff93d8f1000 	C:\Windows\SYSTEM32\dbgcore.DLL
0x00007ff94b230000 - 0x00007ff94b2af000 	C:\Windows\System32\bcryptPrimitives.dll
0x00007ff919280000 - 0x00007ff9192a5000 	C:\Program Files\Microsoft\jdk-17.0.8.7-hotspot\bin\java.dll
0x00007ff8c94c0000 - 0x00007ff8c9597000 	C:\Program Files\Microsoft\jdk-17.0.8.7-hotspot\bin\jsvml.dll
0x00007ff94cb10000 - 0x00007ff94d2d5000 	C:\Windows\System32\SHELL32.dll
0x00007ff948d20000 - 0x00007ff949582000 	C:\Windows\SYSTEM32\windows.storage.dll
0x00007ff94be80000 - 0x00007ff94c1f6000 	C:\Windows\System32\combase.dll
0x00007ff948bb0000 - 0x00007ff948d17000 	C:\Windows\SYSTEM32\wintypes.dll
0x00007ff94bd90000 - 0x00007ff94be7a000 	C:\Windows\System32\SHCORE.dll
0x00007ff94b740000 - 0x00007ff94b79d000 	C:\Windows\System32\shlwapi.dll
0x00007ff94abc0000 - 0x00007ff94abe5000 	C:\Windows\SYSTEM32\profapi.dll
0x00007ff919260000 - 0x00007ff919279000 	C:\Program Files\Microsoft\jdk-17.0.8.7-hotspot\bin\net.dll
0x00007ff9442d0000 - 0x00007ff9443e4000 	C:\Windows\SYSTEM32\WINHTTP.dll
0x00007ff94a160000 - 0x00007ff94a1c7000 	C:\Windows\system32\mswsock.dll
0x00007ff919240000 - 0x00007ff919256000 	C:\Program Files\Microsoft\jdk-17.0.8.7-hotspot\bin\nio.dll
0x00007ff9191f0000 - 0x00007ff919208000 	C:\Program Files\Microsoft\jdk-17.0.8.7-hotspot\bin\zip.dll
0x00007ff91ff40000 - 0x00007ff91ff50000 	C:\Program Files\Microsoft\jdk-17.0.8.7-hotspot\bin\verify.dll
0x00007ff9191c0000 - 0x00007ff9191e7000 	C:\Users\lab_services_student\.gradle\native\e1d6ef7f7dcc3fd88c89a11ec53ec762bb8ba0a96d01ffa2cd45eb1d1d8dd5c5\windows-amd64\native-platform.dll
0x00007ff8c9370000 - 0x00007ff8c94b4000 	C:\Users\lab_services_student\.gradle\native\5664cfc778a61ccfe75a443a1ab52a65af34e5dc3c78e0209fed803814484fcb\windows-amd64\native-platform-file-events.dll
0x00007ff913490000 - 0x00007ff913499000 	C:\Program Files\Microsoft\jdk-17.0.8.7-hotspot\bin\management.dll
0x00007ff913480000 - 0x00007ff91348b000 	C:\Program Files\Microsoft\jdk-17.0.8.7-hotspot\bin\management_ext.dll
0x00007ff94c380000 - 0x00007ff94c388000 	C:\Windows\System32\PSAPI.DLL
0x00007ff94a430000 - 0x00007ff94a448000 	C:\Windows\SYSTEM32\CRYPTSP.dll
0x00007ff949c20000 - 0x00007ff949c55000 	C:\Windows\system32\rsaenh.dll
0x00007ff94a200000 - 0x00007ff94a22c000 	C:\Windows\SYSTEM32\USERENV.dll
0x00007ff94a570000 - 0x00007ff94a597000 	C:\Windows\SYSTEM32\bcrypt.dll
0x00007ff94a350000 - 0x00007ff94a35c000 	C:\Windows\SYSTEM32\CRYPTBASE.dll
0x00007ff9497e0000 - 0x00007ff94980d000 	C:\Windows\SYSTEM32\IPHLPAPI.DLL
0x00007ff94c820000 - 0x00007ff94c829000 	C:\Windows\System32\NSI.dll
0x00007ff9444f0000 - 0x00007ff944509000 	C:\Windows\SYSTEM32\dhcpcsvc6.DLL
0x00007ff944630000 - 0x00007ff94464e000 	C:\Windows\SYSTEM32\dhcpcsvc.DLL
0x00007ff949810000 - 0x00007ff9498f7000 	C:\Windows\SYSTEM32\DNSAPI.dll
0x00007ff913470000 - 0x00007ff91347e000 	C:\Program Files\Microsoft\jdk-17.0.8.7-hotspot\bin\sunmscapi.dll
0x00007ff94ac90000 - 0x00007ff94adf2000 	C:\Windows\System32\CRYPT32.dll
0x00007ff94a540000 - 0x00007ff94a568000 	C:\Windows\SYSTEM32\ncrypt.dll
0x00007ff94a500000 - 0x00007ff94a537000 	C:\Windows\SYSTEM32\NTASN1.dll
0x00007ff926da0000 - 0x00007ff926da8000 	C:\Windows\system32\wshunix.dll
0x00007ff941210000 - 0x00007ff94121a000 	C:\Windows\System32\rasadhlp.dll
0x00007ff942910000 - 0x00007ff942991000 	C:\Windows\System32\fwpuclnt.dll

dbghelp: loaded successfully - version: 4.0.5 - missing functions: none
symbol engine: initialized successfully - sym options: 0x614 - pdb path: .;C:\Program Files\Microsoft\jdk-17.0.8.7-hotspot\bin;C:\Windows\SYSTEM32;C:\Windows\WinSxS\amd64_microsoft.windows.common-controls_6595b64144ccf1df_6.0.22000.120_none_9d947278b86cc467;C:\Program Files\Microsoft\jdk-17.0.8.7-hotspot\bin\server;C:\Users\lab_services_student\.gradle\native\e1d6ef7f7dcc3fd88c89a11ec53ec762bb8ba0a96d01ffa2cd45eb1d1d8dd5c5\windows-amd64;C:\Users\lab_services_student\.gradle\native\5664cfc778a61ccfe75a443a1ab52a65af34e5dc3c78e0209fed803814484fcb\windows-amd64

VM Arguments:
jvm_args: -XX:MaxMetaspaceSize=512m --add-opens=java.base/java.util=ALL-UNNAMED --add-opens=java.base/java.lang=ALL-UNNAMED --add-opens=java.base/java.lang.invoke=ALL-UNNAMED --add-opens=java.base/java.util=ALL-UNNAMED --add-opens=java.prefs/java.util.prefs=ALL-UNNAMED --add-opens=java.prefs/java.util.prefs=ALL-UNNAMED --add-opens=java.base/java.nio.charset=ALL-UNNAMED --add-opens=java.base/java.net=ALL-UNNAMED --add-opens=java.base/java.util.concurrent.atomic=ALL-UNNAMED -Xmx2048m -Dfile.encoding=windows-1252 -Duser.country=ZA -Duser.language=en -Duser.variant 
java_command: org.gradle.launcher.daemon.bootstrap.GradleDaemon 7.3.3
java_class_path (initial): C:\Users\lab_services_student\.gradle\wrapper\dists\gradle-7.3.3-all\4295vidhdd9hd3gbjyw1xqxpo\gradle-7.3.3\lib\gradle-launcher-7.3.3.jar
Launcher Type: SUN_STANDARD

[Global flags]
     intx CICompilerCount                          = 3                                         {product} {ergonomic}
   size_t CompressedClassSpaceSize                 = 436207616                                 {product} {ergonomic}
     uint ConcGCThreads                            = 1                                         {product} {ergonomic}
     uint G1ConcRefinementThreads                  = 4                                         {product} {ergonomic}
   size_t G1HeapRegionSize                         = 1048576                                   {product} {ergonomic}
    uintx GCDrainStackTargetSize                   = 64                                        {product} {ergonomic}
   size_t InitialHeapSize                          = 268435456                                 {product} {ergonomic}
   size_t MarkStackSize                            = 4194304                                   {product} {ergonomic}
   size_t MaxHeapSize                              = 2147483648                                {product} {command line}
   size_t MaxMetaspaceSize                         = 536870912                                 {product} {command line}
   size_t MaxNewSize                               = 1287651328                                {product} {ergonomic}
   size_t MinHeapDeltaBytes                        = 1048576                                   {product} {ergonomic}
   size_t MinHeapSize                              = 8388608                                   {product} {ergonomic}
    uintx NonNMethodCodeHeapSize                   = 5832780                                {pd product} {ergonomic}
    uintx NonProfiledCodeHeapSize                  = 122912730                              {pd product} {ergonomic}
    uintx ProfiledCodeHeapSize                     = 122912730                              {pd product} {ergonomic}
    uintx ReservedCodeCacheSize                    = 251658240                              {pd product} {ergonomic}
     bool SegmentedCodeCache                       = true                                      {product} {ergonomic}
   size_t SoftMaxHeapSize                          = 2147483648                             {manageable} {ergonomic}
     bool UseCompressedClassPointers               = true                           {product lp64_product} {ergonomic}
     bool UseCompressedOops                        = true                           {product lp64_product} {ergonomic}
     bool UseG1GC                                  = true                                      {product} {ergonomic}
     bool UseLargePagesIndividualAllocation        = false                                  {pd product} {ergonomic}

Logging:
Log output configuration:
 #0: stdout all=warning uptime,level,tags
 #1: stderr all=off uptime,level,tags

Environment Variables:
JAVA_HOME=C:\Program Files\Microsoft\jdk-17.0.8.7-hotspot\
CLASSPATH=C:\Users\lab_services_student\Documents\MAST POE\assignment\android\\gradle\wrapper\gradle-wrapper.jar
PATH=C:\Users\lab_services_student\Documents\MAST POE\assignment\android\node_modules\.bin;C:\Users\lab_services_student\Documents\MAST POE\assignment\node_modules\.bin;C:\Users\lab_services_student\Documents\MAST POE\node_modules\.bin;C:\Users\lab_services_student\Documents\node_modules\.bin;C:\Users\lab_services_student\node_modules\.bin;C:\Users\node_modules\.bin;C:\node_modules\.bin;C:\Program Files\nodejs;C:\Users\lab_services_student\Documents\MAST POE\assignment\node_modules\.bin;C:\Users\lab_services_student\Documents\MAST POE\assignment\node_modules\.bin;C:\Users\lab_services_student\Documents\MAST POE\node_modules\.bin;C:\Users\lab_services_student\Documents\node_modules\.bin;C:\Users\lab_services_student\node_modules\.bin;C:\Users\node_modules\.bin;C:\node_modules\.bin;C:\Program Files\nodejs\node_modules\npm\node_modules\@npmcli\run-script\lib\node-gyp-bin;C:\Python312\Scripts\;C:\Python312\;C:\Program Files\Microsoft\jdk-17.0.8.7-hotspot\bin;C:\Windows\system32;C:\Windows;C:\Windows\System32\Wbem;C:\Windows\System32\WindowsPowerShell\v1.0\;C:\Windows\System32\OpenSSH\;C:\ProgramData\chocolatey\bin;C:\Program Files\Microsoft VS Code\bin;C:\Program Files\nodejs\;%LOCALAPPDATA%\Android\Sdk\platform-tools;C:\Program Files\Git\cmd;C:\Users\lab_services_student\AppData\Local\Microsoft\WindowsApps;C:\Users\lab_services_student\AppData\Roaming\npm;C:\Users\lab_services_student\AppData\Local\GitHubDesktop\bin
USERNAME=lab_services_student
LANG=en_US.UTF-8
OS=Windows_NT
PROCESSOR_IDENTIFIER=Intel64 Family 6 Model 85 Stepping 7, GenuineIntel
TMP=C:\Users\LAB_SE~1\AppData\Local\Temp
TEMP=C:\Users\LAB_SE~1\AppData\Local\Temp



---------------  S Y S T E M  ---------------

OS:
 Windows 11 , 64 bit Build 22000 (10.0.22000.2538)
OS uptime: 0 days 0:14 hours
Hyper-V role detected

CPU: total 4 (initial active 4) (2 cores per cpu, 2 threads per core) family 6 model 85 stepping 7 microcode 0xffffffff, cx8, cmov, fxsr, ht, mmx, 3dnowpref, sse, sse2, sse3, ssse3, sse4.1, sse4.2, popcnt, lzcnt, tsc, avx, avx2, aes, erms, clmul, bmi1, bmi2, rtm, adx, avx512f, avx512dq, avx512cd, avx512bw, avx512vl, fma, vzeroupper, avx512_vnni, clflush, clflushopt, clwb, hv
Processor Information for all 4 processors :
  Max Mhz: 2594, Current Mhz: 2594, Mhz Limit: 2594

Memory: 4k page, system-wide physical 16382M (8496M free)
TotalPageFile size 18814M (AvailPageFile size 10447M)
current process WorkingSet (physical memory assigned to process): 435M, peak: 437M
current process commit charge ("private bytes"): 470M, peak: 471M

vm_info: OpenJDK 64-Bit Server VM (17.0.8+7-LTS) for windows-amd64 JRE (17.0.8+7-LTS), built on Jul  7 2023 17:21:55 by "MicrosoftCorporation" with MS VC++ 16.10 / 16.11 (VS2019)

END.
